<testsuites id="" name="" tests="416" failures="342" skipped="6" errors="0" time="918.319094">
<testsuite name="auth.setup.ts" timestamp="2025-10-10T06:55:27.522Z" hostname="setup" tests="2" failures="0" skipped="0" time="3.479" errors="0">
<testcase name="authenticate user" classname="auth.setup.ts" time="3.167">
<system-out>
<![CDATA[Starting authentication setup...
Using TEST_FIREBASE_TOKEN for authentication...
Authentication successful with token
✓ Authentication state saved to /Users/deepak/Downloads/Projects/StackLens-AI-Deploy/tests/.auth/user.json
]]>
</system-out>
</testcase>
<testcase name="verify auth state" classname="auth.setup.ts" time="0.312">
<system-out>
<![CDATA[✓ Auth state file verified
]]>
</system-out>
</testcase>
</testsuite>
<testsuite name="api/auth-upload.test.ts" timestamp="2025-10-10T06:55:27.522Z" hostname="api-tests" tests="11" failures="10" skipped="0" time="6.589" errors="0">
<testcase name="Authentication API › POST /api/auth/firebase-signin - should authenticate user" classname="api/auth-upload.test.ts" time="1.132">
<failure message="auth-upload.test.ts:11:5 POST /api/auth/firebase-signin - should authenticate user" type="FAILURE">
<![CDATA[  [api-tests] › api/auth-upload.test.ts:11:5 › Authentication API › POST /api/auth/firebase-signin - should authenticate user 

    Error: expect(received).toBe(expected) // Object.is equality

    Expected: 200
    Received: 400

      18 |         });
      19 |
    > 20 |         expect(response.status()).toBe(200);
         |                                   ^
      21 |
      22 |         const data = await response.json();
      23 |         expect(data).toHaveProperty('token');
        at /Users/deepak/Downloads/Projects/StackLens-AI-Deploy/tests/api/auth-upload.test.ts:20:35
]]>
</failure>
</testcase>
<testcase name="Authentication API › POST /api/auth/firebase-verify - should verify token" classname="api/auth-upload.test.ts" time="1.138">
<failure message="auth-upload.test.ts:28:5 POST /api/auth/firebase-verify - should verify token" type="FAILURE">
<![CDATA[  [api-tests] › api/auth-upload.test.ts:28:5 › Authentication API › POST /api/auth/firebase-verify - should verify token 

    Error: expect(received).toBe(expected) // Object.is equality

    Expected: 200
    Received: 400

      35 |         });
      36 |
    > 37 |         expect(response.status()).toBe(200);
         |                                   ^
      38 |
      39 |         const data = await response.json();
      40 |         expect(data).toHaveProperty('valid', true);
        at /Users/deepak/Downloads/Projects/StackLens-AI-Deploy/tests/api/auth-upload.test.ts:37:35
]]>
</failure>
</testcase>
<testcase name="Authentication API › GET /api/auth/me - should return current user" classname="api/auth-upload.test.ts" time="1.582">
<failure message="auth-upload.test.ts:44:5 GET /api/auth/me - should return current user" type="FAILURE">
<![CDATA[  [api-tests] › api/auth-upload.test.ts:44:5 › Authentication API › GET /api/auth/me - should return current user 

    Error: expect(received).toBe(expected) // Object.is equality

    Expected: 200
    Received: 401

      47 |         const response = await apiContext.get(`${API_BASE}/api/auth/me`);
      48 |
    > 49 |         expect(response.status()).toBe(200);
         |                                   ^
      50 |
      51 |         const data = await response.json();
      52 |         expect(data).toHaveProperty('id');
        at /Users/deepak/Downloads/Projects/StackLens-AI-Deploy/tests/api/auth-upload.test.ts:49:35
]]>
</failure>
<system-err>
<![CDATA[❌ API authentication failed: Error: Firebase signin failed: 401 Unauthorized
    at Object.apiContext [as fn] [90m(file:///Users/deepak/Downloads/Projects/StackLens-AI-Deploy/[39mtests/fixtures.ts:67:23[90m)[39m
    at [90m/Users/deepak/Downloads/Projects/StackLens-AI-Deploy/[39mnode_modules/[4mplaywright[24m/lib/worker/fixtureRunner.js:94:9
]]>
</system-err>
</testcase>
<testcase name="Authentication API › POST /api/auth/firebase-signin - should reject invalid token" classname="api/auth-upload.test.ts" time="1.136">
<failure message="auth-upload.test.ts:57:5 POST /api/auth/firebase-signin - should reject invalid token" type="FAILURE">
<![CDATA[  [api-tests] › api/auth-upload.test.ts:57:5 › Authentication API › POST /api/auth/firebase-signin - should reject invalid token 

    Error: expect(received).toBe(expected) // Object.is equality

    Expected: 401
    Received: 400

      64 |         });
      65 |
    > 66 |         expect(response.status()).toBe(401);
         |                                   ^
      67 |
      68 |         const data = await response.json();
      69 |         expect(data).toHaveProperty('message');
        at /Users/deepak/Downloads/Projects/StackLens-AI-Deploy/tests/api/auth-upload.test.ts:66:35
]]>
</failure>
</testcase>
<testcase name="Authentication API › GET /api/auth/me - should reject unauthenticated request" classname="api/auth-upload.test.ts" time="1.104">
</testcase>
<testcase name="File Upload API › POST /api/upload - should upload Excel file" classname="api/auth-upload.test.ts" time="0.053">
<failure message="auth-upload.test.ts:86:5 POST /api/upload - should upload Excel file" type="FAILURE">
<![CDATA[  [api-tests] › api/auth-upload.test.ts:86:5 › File Upload API › POST /api/upload - should upload Excel file 

    Error: expect(received).toBe(expected) // Object.is equality

    Expected: 200
    Received: 404

       97 |         });
       98 |
    >  99 |         expect(response.status()).toBe(200);
          |                                   ^
      100 |
      101 |         const data = await response.json();
      102 |         expect(data).toHaveProperty('fileId');
        at /Users/deepak/Downloads/Projects/StackLens-AI-Deploy/tests/api/auth-upload.test.ts:99:35
]]>
</failure>
<system-err>
<![CDATA[❌ API authentication failed: Error: Firebase signin failed: 401 Unauthorized
    at Object.apiContext [as fn] [90m(file:///Users/deepak/Downloads/Projects/StackLens-AI-Deploy/[39mtests/fixtures.ts:67:23[90m)[39m
    at [90m/Users/deepak/Downloads/Projects/StackLens-AI-Deploy/[39mnode_modules/[4mplaywright[24m/lib/worker/fixtureRunner.js:94:9
]]>
</system-err>
</testcase>
<testcase name="File Upload API › POST /api/upload - should upload CSV file" classname="api/auth-upload.test.ts" time="0.059">
<failure message="auth-upload.test.ts:107:5 POST /api/upload - should upload CSV file" type="FAILURE">
<![CDATA[  [api-tests] › api/auth-upload.test.ts:107:5 › File Upload API › POST /api/upload - should upload CSV file 

    Error: expect(received).toBe(expected) // Object.is equality

    Expected: 200
    Received: 404

      118 |         });
      119 |
    > 120 |         expect(response.status()).toBe(200);
          |                                   ^
      121 |     });
      122 |
      123 |     test('POST /api/upload - should reject invalid file type', async ({ apiContext }) => {
        at /Users/deepak/Downloads/Projects/StackLens-AI-Deploy/tests/api/auth-upload.test.ts:120:35
]]>
</failure>
<system-err>
<![CDATA[❌ API authentication failed: Error: Firebase signin failed: 401 Unauthorized
    at Object.apiContext [as fn] [90m(file:///Users/deepak/Downloads/Projects/StackLens-AI-Deploy/[39mtests/fixtures.ts:67:23[90m)[39m
    at [90m/Users/deepak/Downloads/Projects/StackLens-AI-Deploy/[39mnode_modules/[4mplaywright[24m/lib/worker/fixtureRunner.js:94:9
]]>
</system-err>
</testcase>
<testcase name="File Upload API › POST /api/upload - should reject invalid file type" classname="api/auth-upload.test.ts" time="0.059">
<failure message="auth-upload.test.ts:123:5 POST /api/upload - should reject invalid file type" type="FAILURE">
<![CDATA[  [api-tests] › api/auth-upload.test.ts:123:5 › File Upload API › POST /api/upload - should reject invalid file type 

    Error: expect(received).toBe(expected) // Object.is equality

    Expected: 400
    Received: 404

      134 |         });
      135 |
    > 136 |         expect(response.status()).toBe(400);
          |                                   ^
      137 |
      138 |         const data = await response.json();
      139 |         expect(data).toHaveProperty('message');
        at /Users/deepak/Downloads/Projects/StackLens-AI-Deploy/tests/api/auth-upload.test.ts:136:35
]]>
</failure>
<system-err>
<![CDATA[❌ API authentication failed: Error: Firebase signin failed: 401 Unauthorized
    at Object.apiContext [as fn] [90m(file:///Users/deepak/Downloads/Projects/StackLens-AI-Deploy/[39mtests/fixtures.ts:67:23[90m)[39m
    at [90m/Users/deepak/Downloads/Projects/StackLens-AI-Deploy/[39mnode_modules/[4mplaywright[24m/lib/worker/fixtureRunner.js:94:9
]]>
</system-err>
</testcase>
<testcase name="File Upload API › GET /api/files - should list uploaded files" classname="api/auth-upload.test.ts" time="0.222">
<failure message="auth-upload.test.ts:143:5 GET /api/files - should list uploaded files" type="FAILURE">
<![CDATA[  [api-tests] › api/auth-upload.test.ts:143:5 › File Upload API › GET /api/files - should list uploaded files 

    Error: expect(received).toBe(expected) // Object.is equality

    Expected: 200
    Received: 401

      146 |         const response = await apiContext.get(`${API_BASE}/api/files`);
      147 |
    > 148 |         expect(response.status()).toBe(200);
          |                                   ^
      149 |
      150 |         const data = await response.json();
      151 |         expect(Array.isArray(data)).toBe(true);
        at /Users/deepak/Downloads/Projects/StackLens-AI-Deploy/tests/api/auth-upload.test.ts:148:35
]]>
</failure>
<system-err>
<![CDATA[❌ API authentication failed: Error: Firebase signin failed: 401 Unauthorized
    at Object.apiContext [as fn] [90m(file:///Users/deepak/Downloads/Projects/StackLens-AI-Deploy/[39mtests/fixtures.ts:67:23[90m)[39m
    at [90m/Users/deepak/Downloads/Projects/StackLens-AI-Deploy/[39mnode_modules/[4mplaywright[24m/lib/worker/fixtureRunner.js:94:9
]]>
</system-err>
</testcase>
<testcase name="File Upload API › GET /api/files/:id - should get file details" classname="api/auth-upload.test.ts" time="0.051">
<failure message="auth-upload.test.ts:160:5 GET /api/files/:id - should get file details" type="FAILURE">
<![CDATA[  [api-tests] › api/auth-upload.test.ts:160:5 › File Upload API › GET /api/files/:id - should get file details 

    SyntaxError: Unexpected token '<', "<!DOCTYPE "... is not valid JSON

      172 |         });
      173 |
    > 174 |         const { fileId } = await uploadResponse.json();
          |                            ^
      175 |
      176 |         // Get file details
      177 |         const response = await apiContext.get(`${API_BASE}/api/files/${fileId}`);
        at /Users/deepak/Downloads/Projects/StackLens-AI-Deploy/tests/api/auth-upload.test.ts:174:28
]]>
</failure>
<system-err>
<![CDATA[❌ API authentication failed: Error: Firebase signin failed: 401 Unauthorized
    at Object.apiContext [as fn] [90m(file:///Users/deepak/Downloads/Projects/StackLens-AI-Deploy/[39mtests/fixtures.ts:67:23[90m)[39m
    at [90m/Users/deepak/Downloads/Projects/StackLens-AI-Deploy/[39mnode_modules/[4mplaywright[24m/lib/worker/fixtureRunner.js:94:9
]]>
</system-err>
</testcase>
<testcase name="File Upload API › DELETE /api/files/:id - should delete file" classname="api/auth-upload.test.ts" time="0.053">
<failure message="auth-upload.test.ts:186:5 DELETE /api/files/:id - should delete file" type="FAILURE">
<![CDATA[  [api-tests] › api/auth-upload.test.ts:186:5 › File Upload API › DELETE /api/files/:id - should delete file 

    SyntaxError: Unexpected token '<', "<!DOCTYPE "... is not valid JSON

      198 |         });
      199 |
    > 200 |         const { fileId } = await uploadResponse.json();
          |                            ^
      201 |
      202 |         // Delete file
      203 |         const response = await apiContext.delete(`${API_BASE}/api/files/${fileId}`);
        at /Users/deepak/Downloads/Projects/StackLens-AI-Deploy/tests/api/auth-upload.test.ts:200:28
]]>
</failure>
<system-err>
<![CDATA[❌ API authentication failed: Error: Firebase signin failed: 401 Unauthorized
    at Object.apiContext [as fn] [90m(file:///Users/deepak/Downloads/Projects/StackLens-AI-Deploy/[39mtests/fixtures.ts:67:23[90m)[39m
    at [90m/Users/deepak/Downloads/Projects/StackLens-AI-Deploy/[39mnode_modules/[4mplaywright[24m/lib/worker/fixtureRunner.js:94:9
]]>
</system-err>
</testcase>
</testsuite>
<testsuite name="api/comprehensive.test.ts" timestamp="2025-10-10T06:55:27.522Z" hostname="api-tests" tests="89" failures="78" skipped="0" time="5.95" errors="0">
<testcase name="API Tests - Error Management Endpoints › GET /api/errors › should retrieve all errors" classname="api/comprehensive.test.ts" time="0.049">
<failure message="comprehensive.test.ts:5:9 should retrieve all errors" type="FAILURE">
<![CDATA[  [api-tests] › api/comprehensive.test.ts:5:9 › API Tests - Error Management Endpoints › GET /api/errors › should retrieve all errors 

    Error: expect(received).toBeTruthy()

    Received: false

       6 |             const response = await apiContext.get('http://localhost:4000/api/errors');
       7 |
    >  8 |             expect(response.ok()).toBeTruthy();
         |                                   ^
       9 |             const errors = await response.json();
      10 |             expect(Array.isArray(errors)).toBeTruthy();
      11 |         });
        at /Users/deepak/Downloads/Projects/StackLens-AI-Deploy/tests/api/comprehensive.test.ts:8:35
]]>
</failure>
<system-err>
<![CDATA[❌ API authentication failed: Error: Firebase signin failed: 401 Unauthorized
    at Object.apiContext [as fn] [90m(file:///Users/deepak/Downloads/Projects/StackLens-AI-Deploy/[39mtests/fixtures.ts:67:23[90m)[39m
    at [90m/Users/deepak/Downloads/Projects/StackLens-AI-Deploy/[39mnode_modules/[4mplaywright[24m/lib/worker/fixtureRunner.js:94:9
]]>
</system-err>
</testcase>
<testcase name="API Tests - Error Management Endpoints › GET /api/errors › should support pagination" classname="api/comprehensive.test.ts" time="0.048">
<failure message="comprehensive.test.ts:13:9 should support pagination" type="FAILURE">
<![CDATA[  [api-tests] › api/comprehensive.test.ts:13:9 › API Tests - Error Management Endpoints › GET /api/errors › should support pagination 

    Error: expect(received).toBeTruthy()

    Received: false

      14 |             const response = await apiContext.get('http://localhost:4000/api/errors?page=1&limit=10');
      15 |
    > 16 |             expect(response.ok()).toBeTruthy();
         |                                   ^
      17 |             const data = await response.json();
      18 |             expect(data).toHaveProperty('errors');
      19 |             expect(data).toHaveProperty('total');
        at /Users/deepak/Downloads/Projects/StackLens-AI-Deploy/tests/api/comprehensive.test.ts:16:35
]]>
</failure>
<system-err>
<![CDATA[❌ API authentication failed: Error: Firebase signin failed: 401 Unauthorized
    at Object.apiContext [as fn] [90m(file:///Users/deepak/Downloads/Projects/StackLens-AI-Deploy/[39mtests/fixtures.ts:67:23[90m)[39m
    at [90m/Users/deepak/Downloads/Projects/StackLens-AI-Deploy/[39mnode_modules/[4mplaywright[24m/lib/worker/fixtureRunner.js:94:9
]]>
</system-err>
</testcase>
<testcase name="API Tests - Error Management Endpoints › GET /api/errors › should filter by severity" classname="api/comprehensive.test.ts" time="0.051">
<failure message="comprehensive.test.ts:25:9 should filter by severity" type="FAILURE">
<![CDATA[  [api-tests] › api/comprehensive.test.ts:25:9 › API Tests - Error Management Endpoints › GET /api/errors › should filter by severity 

    Error: expect(received).toBeTruthy()

    Received: false

      26 |             const response = await apiContext.get('http://localhost:4000/api/errors?severity=critical');
      27 |
    > 28 |             expect(response.ok()).toBeTruthy();
         |                                   ^
      29 |             const errors = await response.json();
      30 |             errors.forEach((error: any) => {
      31 |                 expect(error.severity).toBe('critical');
        at /Users/deepak/Downloads/Projects/StackLens-AI-Deploy/tests/api/comprehensive.test.ts:28:35
]]>
</failure>
<system-err>
<![CDATA[❌ API authentication failed: Error: Firebase signin failed: 401 Unauthorized
    at Object.apiContext [as fn] [90m(file:///Users/deepak/Downloads/Projects/StackLens-AI-Deploy/[39mtests/fixtures.ts:67:23[90m)[39m
    at [90m/Users/deepak/Downloads/Projects/StackLens-AI-Deploy/[39mnode_modules/[4mplaywright[24m/lib/worker/fixtureRunner.js:94:9
]]>
</system-err>
</testcase>
<testcase name="API Tests - Error Management Endpoints › GET /api/errors › should filter by error type" classname="api/comprehensive.test.ts" time="0.108">
<failure message="comprehensive.test.ts:35:9 should filter by error type" type="FAILURE">
<![CDATA[  [api-tests] › api/comprehensive.test.ts:35:9 › API Tests - Error Management Endpoints › GET /api/errors › should filter by error type 

    Error: expect(received).toBeTruthy()

    Received: false

      36 |             const response = await apiContext.get('http://localhost:4000/api/errors?errorType=Runtime');
      37 |
    > 38 |             expect(response.ok()).toBeTruthy();
         |                                   ^
      39 |             const errors = await response.json();
      40 |             errors.forEach((error: any) => {
      41 |                 expect(error.errorType).toBe('Runtime');
        at /Users/deepak/Downloads/Projects/StackLens-AI-Deploy/tests/api/comprehensive.test.ts:38:35
]]>
</failure>
<system-err>
<![CDATA[❌ API authentication failed: Error: Firebase signin failed: 401 Unauthorized
    at Object.apiContext [as fn] [90m(file:///Users/deepak/Downloads/Projects/StackLens-AI-Deploy/[39mtests/fixtures.ts:67:23[90m)[39m
    at [90m/Users/deepak/Downloads/Projects/StackLens-AI-Deploy/[39mnode_modules/[4mplaywright[24m/lib/worker/fixtureRunner.js:94:9
]]>
</system-err>
</testcase>
<testcase name="API Tests - Error Management Endpoints › GET /api/errors › should filter by date range" classname="api/comprehensive.test.ts" time="0.063">
<failure message="comprehensive.test.ts:45:9 should filter by date range" type="FAILURE">
<![CDATA[  [api-tests] › api/comprehensive.test.ts:45:9 › API Tests - Error Management Endpoints › GET /api/errors › should filter by date range 

    Error: expect(received).toBeTruthy()

    Received: false

      51 |             );
      52 |
    > 53 |             expect(response.ok()).toBeTruthy();
         |                                   ^
      54 |         });
      55 |
      56 |         test('should search by message', async ({ apiContext }) => {
        at /Users/deepak/Downloads/Projects/StackLens-AI-Deploy/tests/api/comprehensive.test.ts:53:35
]]>
</failure>
<system-err>
<![CDATA[❌ API authentication failed: Error: Firebase signin failed: 401 Unauthorized
    at Object.apiContext [as fn] [90m(file:///Users/deepak/Downloads/Projects/StackLens-AI-Deploy/[39mtests/fixtures.ts:67:23[90m)[39m
    at [90m/Users/deepak/Downloads/Projects/StackLens-AI-Deploy/[39mnode_modules/[4mplaywright[24m/lib/worker/fixtureRunner.js:94:9
]]>
</system-err>
</testcase>
<testcase name="API Tests - Error Management Endpoints › GET /api/errors › should search by message" classname="api/comprehensive.test.ts" time="0.054">
<failure message="comprehensive.test.ts:56:9 should search by message" type="FAILURE">
<![CDATA[  [api-tests] › api/comprehensive.test.ts:56:9 › API Tests - Error Management Endpoints › GET /api/errors › should search by message 

    Error: expect(received).toBeTruthy()

    Received: false

      57 |             const response = await apiContext.get('http://localhost:4000/api/errors?search=database');
      58 |
    > 59 |             expect(response.ok()).toBeTruthy();
         |                                   ^
      60 |             const errors = await response.json();
      61 |             errors.forEach((error: any) => {
      62 |                 expect(error.message.toLowerCase()).toContain('database');
        at /Users/deepak/Downloads/Projects/StackLens-AI-Deploy/tests/api/comprehensive.test.ts:59:35
]]>
</failure>
<system-err>
<![CDATA[❌ API authentication failed: Error: Firebase signin failed: 401 Unauthorized
    at Object.apiContext [as fn] [90m(file:///Users/deepak/Downloads/Projects/StackLens-AI-Deploy/[39mtests/fixtures.ts:67:23[90m)[39m
    at [90m/Users/deepak/Downloads/Projects/StackLens-AI-Deploy/[39mnode_modules/[4mplaywright[24m/lib/worker/fixtureRunner.js:94:9
]]>
</system-err>
</testcase>
<testcase name="API Tests - Error Management Endpoints › GET /api/errors › should filter by resolved status" classname="api/comprehensive.test.ts" time="0.052">
<failure message="comprehensive.test.ts:66:9 should filter by resolved status" type="FAILURE">
<![CDATA[  [api-tests] › api/comprehensive.test.ts:66:9 › API Tests - Error Management Endpoints › GET /api/errors › should filter by resolved status 

    Error: expect(received).toBeTruthy()

    Received: false

      67 |             const response = await apiContext.get('http://localhost:4000/api/errors?resolved=false');
      68 |
    > 69 |             expect(response.ok()).toBeTruthy();
         |                                   ^
      70 |             const errors = await response.json();
      71 |             errors.forEach((error: any) => {
      72 |                 expect(error.resolved).toBe(false);
        at /Users/deepak/Downloads/Projects/StackLens-AI-Deploy/tests/api/comprehensive.test.ts:69:35
]]>
</failure>
<system-err>
<![CDATA[❌ API authentication failed: Error: Firebase signin failed: 401 Unauthorized
    at Object.apiContext [as fn] [90m(file:///Users/deepak/Downloads/Projects/StackLens-AI-Deploy/[39mtests/fixtures.ts:67:23[90m)[39m
    at [90m/Users/deepak/Downloads/Projects/StackLens-AI-Deploy/[39mnode_modules/[4mplaywright[24m/lib/worker/fixtureRunner.js:94:9
]]>
</system-err>
</testcase>
<testcase name="API Tests - Error Management Endpoints › GET /api/errors › should filter by store" classname="api/comprehensive.test.ts" time="0.056">
<failure message="comprehensive.test.ts:76:9 should filter by store" type="FAILURE">
<![CDATA[  [api-tests] › api/comprehensive.test.ts:76:9 › API Tests - Error Management Endpoints › GET /api/errors › should filter by store 

    Error: expect(received).toBeTruthy()

    Received: false

      77 |             const response = await apiContext.get('http://localhost:4000/api/errors?store=STORE-0001');
      78 |
    > 79 |             expect(response.ok()).toBeTruthy();
         |                                   ^
      80 |             const errors = await response.json();
      81 |             errors.forEach((error: any) => {
      82 |                 expect(error.store).toBe('STORE-0001');
        at /Users/deepak/Downloads/Projects/StackLens-AI-Deploy/tests/api/comprehensive.test.ts:79:35
]]>
</failure>
<system-err>
<![CDATA[❌ API authentication failed: Error: Firebase signin failed: 401 Unauthorized
    at Object.apiContext [as fn] [90m(file:///Users/deepak/Downloads/Projects/StackLens-AI-Deploy/[39mtests/fixtures.ts:67:23[90m)[39m
    at [90m/Users/deepak/Downloads/Projects/StackLens-AI-Deploy/[39mnode_modules/[4mplaywright[24m/lib/worker/fixtureRunner.js:94:9
]]>
</system-err>
</testcase>
<testcase name="API Tests - Error Management Endpoints › GET /api/errors › should support sorting" classname="api/comprehensive.test.ts" time="0.05">
<failure message="comprehensive.test.ts:86:9 should support sorting" type="FAILURE">
<![CDATA[  [api-tests] › api/comprehensive.test.ts:86:9 › API Tests - Error Management Endpoints › GET /api/errors › should support sorting 

    Error: expect(received).toBeTruthy()

    Received: false

      87 |             const response = await apiContext.get('http://localhost:4000/api/errors?sortBy=timestamp&order=desc');
      88 |
    > 89 |             expect(response.ok()).toBeTruthy();
         |                                   ^
      90 |             const errors = await response.json();
      91 |
      92 |             // Verify descending order
        at /Users/deepak/Downloads/Projects/StackLens-AI-Deploy/tests/api/comprehensive.test.ts:89:35
]]>
</failure>
<system-err>
<![CDATA[❌ API authentication failed: Error: Firebase signin failed: 401 Unauthorized
    at Object.apiContext [as fn] [90m(file:///Users/deepak/Downloads/Projects/StackLens-AI-Deploy/[39mtests/fixtures.ts:67:23[90m)[39m
    at [90m/Users/deepak/Downloads/Projects/StackLens-AI-Deploy/[39mnode_modules/[4mplaywright[24m/lib/worker/fixtureRunner.js:94:9
]]>
</system-err>
</testcase>
<testcase name="API Tests - Error Management Endpoints › GET /api/errors › should handle invalid query parameters gracefully" classname="api/comprehensive.test.ts" time="0.055">
<failure message="comprehensive.test.ts:100:9 should handle invalid query parameters gracefully" type="FAILURE">
<![CDATA[  [api-tests] › api/comprehensive.test.ts:100:9 › API Tests - Error Management Endpoints › GET /api/errors › should handle invalid query parameters gracefully 

    Error: expect(received).toBe(expected) // Object.is equality

    Expected: 400
    Received: 401

      101 |             const response = await apiContext.get('http://localhost:4000/api/errors?page=-1&limit=1000');
      102 |
    > 103 |             expect(response.status()).toBe(400);
          |                                       ^
      104 |             const error = await response.json();
      105 |             expect(error).toHaveProperty('error');
      106 |         });
        at /Users/deepak/Downloads/Projects/StackLens-AI-Deploy/tests/api/comprehensive.test.ts:103:39
]]>
</failure>
<system-err>
<![CDATA[❌ API authentication failed: Error: Firebase signin failed: 401 Unauthorized
    at Object.apiContext [as fn] [90m(file:///Users/deepak/Downloads/Projects/StackLens-AI-Deploy/[39mtests/fixtures.ts:67:23[90m)[39m
    at [90m/Users/deepak/Downloads/Projects/StackLens-AI-Deploy/[39mnode_modules/[4mplaywright[24m/lib/worker/fixtureRunner.js:94:9
]]>
</system-err>
</testcase>
<testcase name="API Tests - Error Management Endpoints › POST /api/errors › should create new error" classname="api/comprehensive.test.ts" time="0.055">
<failure message="comprehensive.test.ts:110:9 should create new error" type="FAILURE">
<![CDATA[  [api-tests] › api/comprehensive.test.ts:110:9 › API Tests - Error Management Endpoints › POST /api/errors › should create new error 

    Error: expect(received).toBeTruthy()

    Received: false

      122 |             });
      123 |
    > 124 |             expect(response.ok()).toBeTruthy();
          |                                   ^
      125 |             const created = await response.json();
      126 |             expect(created).toHaveProperty('id');
      127 |             expect(created.message).toBe(newError.message);
        at /Users/deepak/Downloads/Projects/StackLens-AI-Deploy/tests/api/comprehensive.test.ts:124:35
]]>
</failure>
<system-err>
<![CDATA[❌ API authentication failed: Error: Firebase signin failed: 401 Unauthorized
    at Object.apiContext [as fn] [90m(file:///Users/deepak/Downloads/Projects/StackLens-AI-Deploy/[39mtests/fixtures.ts:67:23[90m)[39m
    at [90m/Users/deepak/Downloads/Projects/StackLens-AI-Deploy/[39mnode_modules/[4mplaywright[24m/lib/worker/fixtureRunner.js:94:9
]]>
</system-err>
</testcase>
<testcase name="API Tests - Error Management Endpoints › POST /api/errors › should validate required fields" classname="api/comprehensive.test.ts" time="0.051">
<failure message="comprehensive.test.ts:131:9 should validate required fields" type="FAILURE">
<![CDATA[  [api-tests] › api/comprehensive.test.ts:131:9 › API Tests - Error Management Endpoints › POST /api/errors › should validate required fields 

    Error: expect(received).toBe(expected) // Object.is equality

    Expected: 400
    Received: 404

      139 |             });
      140 |
    > 141 |             expect(response.status()).toBe(400);
          |                                       ^
      142 |             const error = await response.json();
      143 |             expect(error).toHaveProperty('error');
      144 |         });
        at /Users/deepak/Downloads/Projects/StackLens-AI-Deploy/tests/api/comprehensive.test.ts:141:39
]]>
</failure>
<system-err>
<![CDATA[❌ API authentication failed: Error: Firebase signin failed: 401 Unauthorized
    at Object.apiContext [as fn] [90m(file:///Users/deepak/Downloads/Projects/StackLens-AI-Deploy/[39mtests/fixtures.ts:67:23[90m)[39m
    at [90m/Users/deepak/Downloads/Projects/StackLens-AI-Deploy/[39mnode_modules/[4mplaywright[24m/lib/worker/fixtureRunner.js:94:9
]]>
</system-err>
</testcase>
<testcase name="API Tests - Error Management Endpoints › POST /api/errors › should validate severity values" classname="api/comprehensive.test.ts" time="0.057">
<failure message="comprehensive.test.ts:146:9 should validate severity values" type="FAILURE">
<![CDATA[  [api-tests] › api/comprehensive.test.ts:146:9 › API Tests - Error Management Endpoints › POST /api/errors › should validate severity values 

    Error: expect(received).toBe(expected) // Object.is equality

    Expected: 400
    Received: 404

      155 |             });
      156 |
    > 157 |             expect(response.status()).toBe(400);
          |                                       ^
      158 |         });
      159 |
      160 |         test('should set default values for optional fields', async ({ apiContext }) => {
        at /Users/deepak/Downloads/Projects/StackLens-AI-Deploy/tests/api/comprehensive.test.ts:157:39
]]>
</failure>
<system-err>
<![CDATA[❌ API authentication failed: Error: Firebase signin failed: 401 Unauthorized
    at Object.apiContext [as fn] [90m(file:///Users/deepak/Downloads/Projects/StackLens-AI-Deploy/[39mtests/fixtures.ts:67:23[90m)[39m
    at [90m/Users/deepak/Downloads/Projects/StackLens-AI-Deploy/[39mnode_modules/[4mplaywright[24m/lib/worker/fixtureRunner.js:94:9
]]>
</system-err>
</testcase>
<testcase name="API Tests - Error Management Endpoints › POST /api/errors › should set default values for optional fields" classname="api/comprehensive.test.ts" time="0.048">
<failure message="comprehensive.test.ts:160:9 should set default values for optional fields" type="FAILURE">
<![CDATA[  [api-tests] › api/comprehensive.test.ts:160:9 › API Tests - Error Management Endpoints › POST /api/errors › should set default values for optional fields 

    Error: expect(received).toBeTruthy()

    Received: false

      169 |             });
      170 |
    > 171 |             expect(response.ok()).toBeTruthy();
          |                                   ^
      172 |             const created = await response.json();
      173 |             expect(created).toHaveProperty('timestamp');
      174 |             expect(created).toHaveProperty('resolved');
        at /Users/deepak/Downloads/Projects/StackLens-AI-Deploy/tests/api/comprehensive.test.ts:171:35
]]>
</failure>
<system-err>
<![CDATA[❌ API authentication failed: Error: Firebase signin failed: 401 Unauthorized
    at Object.apiContext [as fn] [90m(file:///Users/deepak/Downloads/Projects/StackLens-AI-Deploy/[39mtests/fixtures.ts:67:23[90m)[39m
    at [90m/Users/deepak/Downloads/Projects/StackLens-AI-Deploy/[39mnode_modules/[4mplaywright[24m/lib/worker/fixtureRunner.js:94:9
]]>
</system-err>
</testcase>
<testcase name="API Tests - Error Management Endpoints › GET /api/errors/:id › should retrieve specific error by ID" classname="api/comprehensive.test.ts" time="0.052">
<failure message="comprehensive.test.ts:180:9 should retrieve specific error by ID" type="FAILURE">
<![CDATA[  [api-tests] › api/comprehensive.test.ts:180:9 › API Tests - Error Management Endpoints › GET /api/errors/:id › should retrieve specific error by ID 

    SyntaxError: Unexpected token '<', "<!DOCTYPE "... is not valid JSON

      190 |             });
      191 |
    > 192 |             const created = await createResponse.json();
          |                             ^
      193 |
      194 |             // Retrieve the error
      195 |             const getResponse = await apiContext.get(`http://localhost:4000/api/errors/${created.id}`);
        at /Users/deepak/Downloads/Projects/StackLens-AI-Deploy/tests/api/comprehensive.test.ts:192:29
]]>
</failure>
<system-err>
<![CDATA[❌ API authentication failed: Error: Firebase signin failed: 401 Unauthorized
    at Object.apiContext [as fn] [90m(file:///Users/deepak/Downloads/Projects/StackLens-AI-Deploy/[39mtests/fixtures.ts:67:23[90m)[39m
    at [90m/Users/deepak/Downloads/Projects/StackLens-AI-Deploy/[39mnode_modules/[4mplaywright[24m/lib/worker/fixtureRunner.js:94:9
]]>
</system-err>
</testcase>
<testcase name="API Tests - Error Management Endpoints › GET /api/errors/:id › should return 404 for non-existent error" classname="api/comprehensive.test.ts" time="0.049">
<system-err>
<![CDATA[❌ API authentication failed: Error: Firebase signin failed: 401 Unauthorized
    at Object.apiContext [as fn] [90m(file:///Users/deepak/Downloads/Projects/StackLens-AI-Deploy/[39mtests/fixtures.ts:67:23[90m)[39m
    at [90m/Users/deepak/Downloads/Projects/StackLens-AI-Deploy/[39mnode_modules/[4mplaywright[24m/lib/worker/fixtureRunner.js:94:9
]]>
</system-err>
</testcase>
<testcase name="API Tests - Error Management Endpoints › GET /api/errors/:id › should return 400 for invalid ID format" classname="api/comprehensive.test.ts" time="0.051">
<failure message="comprehensive.test.ts:208:9 should return 400 for invalid ID format" type="FAILURE">
<![CDATA[  [api-tests] › api/comprehensive.test.ts:208:9 › API Tests - Error Management Endpoints › GET /api/errors/:id › should return 400 for invalid ID format 

    Error: expect(received).toBe(expected) // Object.is equality

    Expected: 400
    Received: 404

      208 |         test('should return 400 for invalid ID format', async ({ apiContext }) => {
      209 |             const response = await apiContext.get('http://localhost:4000/api/errors/invalid-id');
    > 210 |             expect(response.status()).toBe(400);
          |                                       ^
      211 |         });
      212 |     });
      213 |
        at /Users/deepak/Downloads/Projects/StackLens-AI-Deploy/tests/api/comprehensive.test.ts:210:39
]]>
</failure>
<system-err>
<![CDATA[❌ API authentication failed: Error: Firebase signin failed: 401 Unauthorized
    at Object.apiContext [as fn] [90m(file:///Users/deepak/Downloads/Projects/StackLens-AI-Deploy/[39mtests/fixtures.ts:67:23[90m)[39m
    at [90m/Users/deepak/Downloads/Projects/StackLens-AI-Deploy/[39mnode_modules/[4mplaywright[24m/lib/worker/fixtureRunner.js:94:9
]]>
</system-err>
</testcase>
<testcase name="API Tests - Error Management Endpoints › PATCH /api/errors/:id › should update error fields" classname="api/comprehensive.test.ts" time="0.048">
<failure message="comprehensive.test.ts:215:9 should update error fields" type="FAILURE">
<![CDATA[  [api-tests] › api/comprehensive.test.ts:215:9 › API Tests - Error Management Endpoints › PATCH /api/errors/:id › should update error fields 

    SyntaxError: Unexpected token '<', "<!DOCTYPE "... is not valid JSON

      225 |             });
      226 |
    > 227 |             const created = await createResponse.json();
          |                             ^
      228 |
      229 |             // Update error
      230 |             const updates = {
        at /Users/deepak/Downloads/Projects/StackLens-AI-Deploy/tests/api/comprehensive.test.ts:227:29
]]>
</failure>
<system-err>
<![CDATA[❌ API authentication failed: Error: Firebase signin failed: 401 Unauthorized
    at Object.apiContext [as fn] [90m(file:///Users/deepak/Downloads/Projects/StackLens-AI-Deploy/[39mtests/fixtures.ts:67:23[90m)[39m
    at [90m/Users/deepak/Downloads/Projects/StackLens-AI-Deploy/[39mnode_modules/[4mplaywright[24m/lib/worker/fixtureRunner.js:94:9
]]>
</system-err>
</testcase>
<testcase name="API Tests - Error Management Endpoints › PATCH /api/errors/:id › should validate updated field values" classname="api/comprehensive.test.ts" time="0.053">
<failure message="comprehensive.test.ts:248:9 should validate updated field values" type="FAILURE">
<![CDATA[  [api-tests] › api/comprehensive.test.ts:248:9 › API Tests - Error Management Endpoints › PATCH /api/errors/:id › should validate updated field values 

    SyntaxError: Unexpected token '<', "<!DOCTYPE "... is not valid JSON

      251 |             });
      252 |
    > 253 |             const created = await createResponse.json();
          |                             ^
      254 |
      255 |             const invalidUpdate = {
      256 |                 severity: 'invalid_value'
        at /Users/deepak/Downloads/Projects/StackLens-AI-Deploy/tests/api/comprehensive.test.ts:253:29
]]>
</failure>
<system-err>
<![CDATA[❌ API authentication failed: Error: Firebase signin failed: 401 Unauthorized
    at Object.apiContext [as fn] [90m(file:///Users/deepak/Downloads/Projects/StackLens-AI-Deploy/[39mtests/fixtures.ts:67:23[90m)[39m
    at [90m/Users/deepak/Downloads/Projects/StackLens-AI-Deploy/[39mnode_modules/[4mplaywright[24m/lib/worker/fixtureRunner.js:94:9
]]>
</system-err>
</testcase>
<testcase name="API Tests - Error Management Endpoints › PATCH /api/errors/:id › should return 404 when updating non-existent error" classname="api/comprehensive.test.ts" time="0.055">
<system-err>
<![CDATA[❌ API authentication failed: Error: Firebase signin failed: 401 Unauthorized
    at Object.apiContext [as fn] [90m(file:///Users/deepak/Downloads/Projects/StackLens-AI-Deploy/[39mtests/fixtures.ts:67:23[90m)[39m
    at [90m/Users/deepak/Downloads/Projects/StackLens-AI-Deploy/[39mnode_modules/[4mplaywright[24m/lib/worker/fixtureRunner.js:94:9
]]>
</system-err>
</testcase>
<testcase name="API Tests - Error Management Endpoints › DELETE /api/errors/:id › should delete error" classname="api/comprehensive.test.ts" time="0.013">
<failure message="comprehensive.test.ts:276:9 should delete error" type="FAILURE">
<![CDATA[  [api-tests] › api/comprehensive.test.ts:276:9 › API Tests - Error Management Endpoints › DELETE /api/errors/:id › should delete error 

    SyntaxError: Unexpected token '<', "<!DOCTYPE "... is not valid JSON

      286 |             });
      287 |
    > 288 |             const created = await createResponse.json();
          |                             ^
      289 |
      290 |             // Delete error
      291 |             const deleteResponse = await apiContext.delete(`http://localhost:4000/api/errors/${created.id}`);
        at /Users/deepak/Downloads/Projects/StackLens-AI-Deploy/tests/api/comprehensive.test.ts:288:29
]]>
</failure>
<system-err>
<![CDATA[❌ API authentication failed: Error: Firebase signin failed: 401 Unauthorized
    at Object.apiContext [as fn] [90m(file:///Users/deepak/Downloads/Projects/StackLens-AI-Deploy/[39mtests/fixtures.ts:67:23[90m)[39m
    at [90m/Users/deepak/Downloads/Projects/StackLens-AI-Deploy/[39mnode_modules/[4mplaywright[24m/lib/worker/fixtureRunner.js:94:9
]]>
</system-err>
</testcase>
<testcase name="API Tests - Error Management Endpoints › DELETE /api/errors/:id › should return 404 when deleting non-existent error" classname="api/comprehensive.test.ts" time="0.045">
<system-err>
<![CDATA[❌ API authentication failed: Error: Firebase signin failed: 401 Unauthorized
    at Object.apiContext [as fn] [90m(file:///Users/deepak/Downloads/Projects/StackLens-AI-Deploy/[39mtests/fixtures.ts:67:23[90m)[39m
    at [90m/Users/deepak/Downloads/Projects/StackLens-AI-Deploy/[39mnode_modules/[4mplaywright[24m/lib/worker/fixtureRunner.js:94:9
]]>
</system-err>
</testcase>
<testcase name="API Tests - Error Management Endpoints › POST /api/errors/bulk › should create multiple errors in bulk" classname="api/comprehensive.test.ts" time="0.047">
<failure message="comprehensive.test.ts:306:9 should create multiple errors in bulk" type="FAILURE">
<![CDATA[  [api-tests] › api/comprehensive.test.ts:306:9 › API Tests - Error Management Endpoints › POST /api/errors/bulk › should create multiple errors in bulk 

    Error: expect(received).toBeTruthy()

    Received: false

      315 |             });
      316 |
    > 317 |             expect(response.ok()).toBeTruthy();
          |                                   ^
      318 |             const result = await response.json();
      319 |             expect(result).toHaveProperty('created');
      320 |             expect(result.created).toBe(3);
        at /Users/deepak/Downloads/Projects/StackLens-AI-Deploy/tests/api/comprehensive.test.ts:317:35
]]>
</failure>
<system-err>
<![CDATA[❌ API authentication failed: Error: Firebase signin failed: 401 Unauthorized
    at Object.apiContext [as fn] [90m(file:///Users/deepak/Downloads/Projects/StackLens-AI-Deploy/[39mtests/fixtures.ts:67:23[90m)[39m
    at [90m/Users/deepak/Downloads/Projects/StackLens-AI-Deploy/[39mnode_modules/[4mplaywright[24m/lib/worker/fixtureRunner.js:94:9
]]>
</system-err>
</testcase>
<testcase name="API Tests - Error Management Endpoints › POST /api/errors/bulk › should handle validation errors in bulk creation" classname="api/comprehensive.test.ts" time="0.053">
<failure message="comprehensive.test.ts:325:9 should handle validation errors in bulk creation" type="FAILURE">
<![CDATA[  [api-tests] › api/comprehensive.test.ts:325:9 › API Tests - Error Management Endpoints › POST /api/errors/bulk › should handle validation errors in bulk creation 

    Error: expect(received).toBe(expected) // Object.is equality

    Expected: 400
    Received: 404

      333 |             });
      334 |
    > 335 |             expect(response.status()).toBe(400);
          |                                       ^
      336 |             const error = await response.json();
      337 |             expect(error).toHaveProperty('invalidIndices');
      338 |         });
        at /Users/deepak/Downloads/Projects/StackLens-AI-Deploy/tests/api/comprehensive.test.ts:335:39
]]>
</failure>
<system-err>
<![CDATA[❌ API authentication failed: Error: Firebase signin failed: 401 Unauthorized
    at Object.apiContext [as fn] [90m(file:///Users/deepak/Downloads/Projects/StackLens-AI-Deploy/[39mtests/fixtures.ts:67:23[90m)[39m
    at [90m/Users/deepak/Downloads/Projects/StackLens-AI-Deploy/[39mnode_modules/[4mplaywright[24m/lib/worker/fixtureRunner.js:94:9
]]>
</system-err>
</testcase>
<testcase name="API Tests - Error Management Endpoints › GET /api/errors/stats › should retrieve error statistics" classname="api/comprehensive.test.ts" time="0.048">
<failure message="comprehensive.test.ts:342:9 should retrieve error statistics" type="FAILURE">
<![CDATA[  [api-tests] › api/comprehensive.test.ts:342:9 › API Tests - Error Management Endpoints › GET /api/errors/stats › should retrieve error statistics 

    Error: expect(received).toBeTruthy()

    Received: false

      343 |             const response = await apiContext.get('http://localhost:4000/api/errors/stats');
      344 |
    > 345 |             expect(response.ok()).toBeTruthy();
          |                                   ^
      346 |             const stats = await response.json();
      347 |             expect(stats).toHaveProperty('total');
      348 |             expect(stats).toHaveProperty('bySeverity');
        at /Users/deepak/Downloads/Projects/StackLens-AI-Deploy/tests/api/comprehensive.test.ts:345:35
]]>
</failure>
<system-err>
<![CDATA[❌ API authentication failed: Error: Firebase signin failed: 401 Unauthorized
    at Object.apiContext [as fn] [90m(file:///Users/deepak/Downloads/Projects/StackLens-AI-Deploy/[39mtests/fixtures.ts:67:23[90m)[39m
    at [90m/Users/deepak/Downloads/Projects/StackLens-AI-Deploy/[39mnode_modules/[4mplaywright[24m/lib/worker/fixtureRunner.js:94:9
]]>
</system-err>
</testcase>
<testcase name="API Tests - Error Management Endpoints › GET /api/errors/stats › should filter statistics by date range" classname="api/comprehensive.test.ts" time="0.016">
<failure message="comprehensive.test.ts:354:9 should filter statistics by date range" type="FAILURE">
<![CDATA[  [api-tests] › api/comprehensive.test.ts:354:9 › API Tests - Error Management Endpoints › GET /api/errors/stats › should filter statistics by date range 

    Error: expect(received).toBeTruthy()

    Received: false

      357 |             );
      358 |
    > 359 |             expect(response.ok()).toBeTruthy();
          |                                   ^
      360 |             const stats = await response.json();
      361 |             expect(stats).toHaveProperty('dateRange');
      362 |         });
        at /Users/deepak/Downloads/Projects/StackLens-AI-Deploy/tests/api/comprehensive.test.ts:359:35
]]>
</failure>
<system-err>
<![CDATA[❌ API authentication failed: Error: Firebase signin failed: 401 Unauthorized
    at Object.apiContext [as fn] [90m(file:///Users/deepak/Downloads/Projects/StackLens-AI-Deploy/[39mtests/fixtures.ts:67:23[90m)[39m
    at [90m/Users/deepak/Downloads/Projects/StackLens-AI-Deploy/[39mnode_modules/[4mplaywright[24m/lib/worker/fixtureRunner.js:94:9
]]>
</system-err>
</testcase>
<testcase name="API Tests - Error Management Endpoints › GET /api/errors/stats › should provide statistics by store" classname="api/comprehensive.test.ts" time="0.072">
<failure message="comprehensive.test.ts:364:9 should provide statistics by store" type="FAILURE">
<![CDATA[  [api-tests] › api/comprehensive.test.ts:364:9 › API Tests - Error Management Endpoints › GET /api/errors/stats › should provide statistics by store 

    Error: expect(received).toBeTruthy()

    Received: false

      365 |             const response = await apiContext.get('http://localhost:4000/api/errors/stats/by-store');
      366 |
    > 367 |             expect(response.ok()).toBeTruthy();
          |                                   ^
      368 |             const stats = await response.json();
      369 |             expect(Array.isArray(stats)).toBeTruthy();
      370 |         });
        at /Users/deepak/Downloads/Projects/StackLens-AI-Deploy/tests/api/comprehensive.test.ts:367:35
]]>
</failure>
<system-err>
<![CDATA[❌ API authentication failed: Error: Firebase signin failed: 401 Unauthorized
    at Object.apiContext [as fn] [90m(file:///Users/deepak/Downloads/Projects/StackLens-AI-Deploy/[39mtests/fixtures.ts:67:23[90m)[39m
    at [90m/Users/deepak/Downloads/Projects/StackLens-AI-Deploy/[39mnode_modules/[4mplaywright[24m/lib/worker/fixtureRunner.js:94:9
]]>
</system-err>
</testcase>
<testcase name="API Tests - Error Management Endpoints › POST /api/errors/export › should export errors as CSV" classname="api/comprehensive.test.ts" time="0.059">
<failure message="comprehensive.test.ts:374:9 should export errors as CSV" type="FAILURE">
<![CDATA[  [api-tests] › api/comprehensive.test.ts:374:9 › API Tests - Error Management Endpoints › POST /api/errors/export › should export errors as CSV 

    Error: expect(received).toBeTruthy()

    Received: false

      380 |             });
      381 |
    > 382 |             expect(response.ok()).toBeTruthy();
          |                                   ^
      383 |             const contentType = response.headers()['content-type'];
      384 |             expect(contentType).toContain('text/csv');
      385 |         });
        at /Users/deepak/Downloads/Projects/StackLens-AI-Deploy/tests/api/comprehensive.test.ts:382:35
]]>
</failure>
<system-err>
<![CDATA[❌ API authentication failed: Error: Firebase signin failed: 401 Unauthorized
    at Object.apiContext [as fn] [90m(file:///Users/deepak/Downloads/Projects/StackLens-AI-Deploy/[39mtests/fixtures.ts:67:23[90m)[39m
    at [90m/Users/deepak/Downloads/Projects/StackLens-AI-Deploy/[39mnode_modules/[4mplaywright[24m/lib/worker/fixtureRunner.js:94:9
]]>
</system-err>
</testcase>
<testcase name="API Tests - Error Management Endpoints › POST /api/errors/export › should export errors as JSON" classname="api/comprehensive.test.ts" time="0.064">
<failure message="comprehensive.test.ts:387:9 should export errors as JSON" type="FAILURE">
<![CDATA[  [api-tests] › api/comprehensive.test.ts:387:9 › API Tests - Error Management Endpoints › POST /api/errors/export › should export errors as JSON 

    Error: expect(received).toBeTruthy()

    Received: false

      393 |             });
      394 |
    > 395 |             expect(response.ok()).toBeTruthy();
          |                                   ^
      396 |             const contentType = response.headers()['content-type'];
      397 |             expect(contentType).toContain('application/json');
      398 |         });
        at /Users/deepak/Downloads/Projects/StackLens-AI-Deploy/tests/api/comprehensive.test.ts:395:35
]]>
</failure>
<system-err>
<![CDATA[❌ API authentication failed: Error: Firebase signin failed: 401 Unauthorized
    at Object.apiContext [as fn] [90m(file:///Users/deepak/Downloads/Projects/StackLens-AI-Deploy/[39mtests/fixtures.ts:67:23[90m)[39m
    at [90m/Users/deepak/Downloads/Projects/StackLens-AI-Deploy/[39mnode_modules/[4mplaywright[24m/lib/worker/fixtureRunner.js:94:9
]]>
</system-err>
</testcase>
<testcase name="API Tests - Error Management Endpoints › POST /api/errors/export › should export errors as Excel" classname="api/comprehensive.test.ts" time="0.015">
<failure message="comprehensive.test.ts:400:9 should export errors as Excel" type="FAILURE">
<![CDATA[  [api-tests] › api/comprehensive.test.ts:400:9 › API Tests - Error Management Endpoints › POST /api/errors/export › should export errors as Excel 

    Error: expect(received).toBeTruthy()

    Received: false

      406 |             });
      407 |
    > 408 |             expect(response.ok()).toBeTruthy();
          |                                   ^
      409 |             const contentType = response.headers()['content-type'];
      410 |             expect(contentType).toContain('spreadsheet');
      411 |         });
        at /Users/deepak/Downloads/Projects/StackLens-AI-Deploy/tests/api/comprehensive.test.ts:408:35
]]>
</failure>
<system-err>
<![CDATA[❌ API authentication failed: Error: Firebase signin failed: 401 Unauthorized
    at Object.apiContext [as fn] [90m(file:///Users/deepak/Downloads/Projects/StackLens-AI-Deploy/[39mtests/fixtures.ts:67:23[90m)[39m
    at [90m/Users/deepak/Downloads/Projects/StackLens-AI-Deploy/[39mnode_modules/[4mplaywright[24m/lib/worker/fixtureRunner.js:94:9
]]>
</system-err>
</testcase>
<testcase name="API Tests - Store &amp; Kiosk Management › GET /api/stores › should retrieve all stores" classname="api/comprehensive.test.ts" time="0.058">
<failure message="comprehensive.test.ts:417:9 should retrieve all stores" type="FAILURE">
<![CDATA[  [api-tests] › api/comprehensive.test.ts:417:9 › API Tests - Store & Kiosk Management › GET /api/stores › should retrieve all stores 

    Error: expect(received).toBeTruthy()

    Received: false

      418 |             const response = await apiContext.get('http://localhost:4000/api/stores');
      419 |
    > 420 |             expect(response.ok()).toBeTruthy();
          |                                   ^
      421 |             const stores = await response.json();
      422 |             expect(Array.isArray(stores)).toBeTruthy();
      423 |         });
        at /Users/deepak/Downloads/Projects/StackLens-AI-Deploy/tests/api/comprehensive.test.ts:420:35
]]>
</failure>
<system-err>
<![CDATA[❌ API authentication failed: Error: Firebase signin failed: 401 Unauthorized
    at Object.apiContext [as fn] [90m(file:///Users/deepak/Downloads/Projects/StackLens-AI-Deploy/[39mtests/fixtures.ts:67:23[90m)[39m
    at [90m/Users/deepak/Downloads/Projects/StackLens-AI-Deploy/[39mnode_modules/[4mplaywright[24m/lib/worker/fixtureRunner.js:94:9
]]>
</system-err>
</testcase>
<testcase name="API Tests - Store &amp; Kiosk Management › GET /api/stores › should support pagination for stores" classname="api/comprehensive.test.ts" time="0.058">
<failure message="comprehensive.test.ts:425:9 should support pagination for stores" type="FAILURE">
<![CDATA[  [api-tests] › api/comprehensive.test.ts:425:9 › API Tests - Store & Kiosk Management › GET /api/stores › should support pagination for stores 

    Error: expect(received).toBeTruthy()

    Received: false

      426 |             const response = await apiContext.get('http://localhost:4000/api/stores?page=1&limit=20');
      427 |
    > 428 |             expect(response.ok()).toBeTruthy();
          |                                   ^
      429 |             const data = await response.json();
      430 |             expect(data.stores.length).toBeLessThanOrEqual(20);
      431 |         });
        at /Users/deepak/Downloads/Projects/StackLens-AI-Deploy/tests/api/comprehensive.test.ts:428:35
]]>
</failure>
<system-err>
<![CDATA[❌ API authentication failed: Error: Firebase signin failed: 401 Unauthorized
    at Object.apiContext [as fn] [90m(file:///Users/deepak/Downloads/Projects/StackLens-AI-Deploy/[39mtests/fixtures.ts:67:23[90m)[39m
    at [90m/Users/deepak/Downloads/Projects/StackLens-AI-Deploy/[39mnode_modules/[4mplaywright[24m/lib/worker/fixtureRunner.js:94:9
]]>
</system-err>
</testcase>
<testcase name="API Tests - Store &amp; Kiosk Management › GET /api/stores › should search stores by name" classname="api/comprehensive.test.ts" time="0.062">
<failure message="comprehensive.test.ts:433:9 should search stores by name" type="FAILURE">
<![CDATA[  [api-tests] › api/comprehensive.test.ts:433:9 › API Tests - Store & Kiosk Management › GET /api/stores › should search stores by name 

    Error: expect(received).toBeTruthy()

    Received: false

      434 |             const response = await apiContext.get('http://localhost:4000/api/stores?search=test');
      435 |
    > 436 |             expect(response.ok()).toBeTruthy();
          |                                   ^
      437 |         });
      438 |     });
      439 |
        at /Users/deepak/Downloads/Projects/StackLens-AI-Deploy/tests/api/comprehensive.test.ts:436:35
]]>
</failure>
<system-err>
<![CDATA[❌ API authentication failed: Error: Firebase signin failed: 401 Unauthorized
    at Object.apiContext [as fn] [90m(file:///Users/deepak/Downloads/Projects/StackLens-AI-Deploy/[39mtests/fixtures.ts:67:23[90m)[39m
    at [90m/Users/deepak/Downloads/Projects/StackLens-AI-Deploy/[39mnode_modules/[4mplaywright[24m/lib/worker/fixtureRunner.js:94:9
]]>
</system-err>
</testcase>
<testcase name="API Tests - Store &amp; Kiosk Management › POST /api/stores › should create new store" classname="api/comprehensive.test.ts" time="0.059">
<failure message="comprehensive.test.ts:441:9 should create new store" type="FAILURE">
<![CDATA[  [api-tests] › api/comprehensive.test.ts:441:9 › API Tests - Store & Kiosk Management › POST /api/stores › should create new store 

    Error: expect(received).toBeTruthy()

    Received: false

      451 |             });
      452 |
    > 453 |             expect(response.ok()).toBeTruthy();
          |                                   ^
      454 |             const created = await response.json();
      455 |             expect(created.storeNumber).toBe(newStore.storeNumber);
      456 |         });
        at /Users/deepak/Downloads/Projects/StackLens-AI-Deploy/tests/api/comprehensive.test.ts:453:35
]]>
</failure>
<system-err>
<![CDATA[❌ API authentication failed: Error: Firebase signin failed: 401 Unauthorized
    at Object.apiContext [as fn] [90m(file:///Users/deepak/Downloads/Projects/StackLens-AI-Deploy/[39mtests/fixtures.ts:67:23[90m)[39m
    at [90m/Users/deepak/Downloads/Projects/StackLens-AI-Deploy/[39mnode_modules/[4mplaywright[24m/lib/worker/fixtureRunner.js:94:9
]]>
</system-err>
</testcase>
<testcase name="API Tests - Store &amp; Kiosk Management › POST /api/stores › should prevent duplicate store numbers" classname="api/comprehensive.test.ts" time="0.058">
<failure message="comprehensive.test.ts:458:9 should prevent duplicate store numbers" type="FAILURE">
<![CDATA[  [api-tests] › api/comprehensive.test.ts:458:9 › API Tests - Store & Kiosk Management › POST /api/stores › should prevent duplicate store numbers 

    Error: expect(received).toBe(expected) // Object.is equality

    Expected: 409
    Received: 401

      469 |             });
      470 |
    > 471 |             expect(response.status()).toBe(409); // Conflict
          |                                       ^
      472 |         });
      473 |     });
      474 |
        at /Users/deepak/Downloads/Projects/StackLens-AI-Deploy/tests/api/comprehensive.test.ts:471:39
]]>
</failure>
<system-err>
<![CDATA[❌ API authentication failed: Error: Firebase signin failed: 401 Unauthorized
    at Object.apiContext [as fn] [90m(file:///Users/deepak/Downloads/Projects/StackLens-AI-Deploy/[39mtests/fixtures.ts:67:23[90m)[39m
    at [90m/Users/deepak/Downloads/Projects/StackLens-AI-Deploy/[39mnode_modules/[4mplaywright[24m/lib/worker/fixtureRunner.js:94:9
]]>
</system-err>
</testcase>
<testcase name="API Tests - Store &amp; Kiosk Management › GET /api/kiosks › should retrieve all kiosks" classname="api/comprehensive.test.ts" time="0.054">
<failure message="comprehensive.test.ts:476:9 should retrieve all kiosks" type="FAILURE">
<![CDATA[  [api-tests] › api/comprehensive.test.ts:476:9 › API Tests - Store & Kiosk Management › GET /api/kiosks › should retrieve all kiosks 

    Error: expect(received).toBeTruthy()

    Received: false

      477 |             const response = await apiContext.get('http://localhost:4000/api/kiosks');
      478 |
    > 479 |             expect(response.ok()).toBeTruthy();
          |                                   ^
      480 |             const kiosks = await response.json();
      481 |             expect(Array.isArray(kiosks)).toBeTruthy();
      482 |         });
        at /Users/deepak/Downloads/Projects/StackLens-AI-Deploy/tests/api/comprehensive.test.ts:479:35
]]>
</failure>
<system-err>
<![CDATA[❌ API authentication failed: Error: Firebase signin failed: 401 Unauthorized
    at Object.apiContext [as fn] [90m(file:///Users/deepak/Downloads/Projects/StackLens-AI-Deploy/[39mtests/fixtures.ts:67:23[90m)[39m
    at [90m/Users/deepak/Downloads/Projects/StackLens-AI-Deploy/[39mnode_modules/[4mplaywright[24m/lib/worker/fixtureRunner.js:94:9
]]>
</system-err>
</testcase>
<testcase name="API Tests - Store &amp; Kiosk Management › GET /api/kiosks › should filter kiosks by store" classname="api/comprehensive.test.ts" time="0.048">
<failure message="comprehensive.test.ts:484:9 should filter kiosks by store" type="FAILURE">
<![CDATA[  [api-tests] › api/comprehensive.test.ts:484:9 › API Tests - Store & Kiosk Management › GET /api/kiosks › should filter kiosks by store 

    Error: expect(received).toBeTruthy()

    Received: false

      485 |             const response = await apiContext.get('http://localhost:4000/api/kiosks?store=STORE-0001');
      486 |
    > 487 |             expect(response.ok()).toBeTruthy();
          |                                   ^
      488 |             const kiosks = await response.json();
      489 |             kiosks.forEach((kiosk: any) => {
      490 |                 expect(kiosk.storeNumber).toBe('STORE-0001');
        at /Users/deepak/Downloads/Projects/StackLens-AI-Deploy/tests/api/comprehensive.test.ts:487:35
]]>
</failure>
<system-err>
<![CDATA[❌ API authentication failed: Error: Firebase signin failed: 401 Unauthorized
    at Object.apiContext [as fn] [90m(file:///Users/deepak/Downloads/Projects/StackLens-AI-Deploy/[39mtests/fixtures.ts:67:23[90m)[39m
    at [90m/Users/deepak/Downloads/Projects/StackLens-AI-Deploy/[39mnode_modules/[4mplaywright[24m/lib/worker/fixtureRunner.js:94:9
]]>
</system-err>
</testcase>
<testcase name="API Tests - Store &amp; Kiosk Management › POST /api/kiosks › should create new kiosk" classname="api/comprehensive.test.ts" time="0.055">
<failure message="comprehensive.test.ts:496:9 should create new kiosk" type="FAILURE">
<![CDATA[  [api-tests] › api/comprehensive.test.ts:496:9 › API Tests - Store & Kiosk Management › POST /api/kiosks › should create new kiosk 

    Error: expect(received).toBeTruthy()

    Received: false

      505 |             });
      506 |
    > 507 |             expect(response.ok()).toBeTruthy();
          |                                   ^
      508 |             const created = await response.json();
      509 |             expect(created.kioskNumber).toBe(newKiosk.kioskNumber);
      510 |         });
        at /Users/deepak/Downloads/Projects/StackLens-AI-Deploy/tests/api/comprehensive.test.ts:507:35
]]>
</failure>
<system-err>
<![CDATA[❌ API authentication failed: Error: Firebase signin failed: 401 Unauthorized
    at Object.apiContext [as fn] [90m(file:///Users/deepak/Downloads/Projects/StackLens-AI-Deploy/[39mtests/fixtures.ts:67:23[90m)[39m
    at [90m/Users/deepak/Downloads/Projects/StackLens-AI-Deploy/[39mnode_modules/[4mplaywright[24m/lib/worker/fixtureRunner.js:94:9
]]>
</system-err>
</testcase>
<testcase name="API Tests - Store &amp; Kiosk Management › POST /api/kiosks › should validate kiosk belongs to valid store" classname="api/comprehensive.test.ts" time="0.053">
<failure message="comprehensive.test.ts:512:9 should validate kiosk belongs to valid store" type="FAILURE">
<![CDATA[  [api-tests] › api/comprehensive.test.ts:512:9 › API Tests - Store & Kiosk Management › POST /api/kiosks › should validate kiosk belongs to valid store 

    Error: expect(received).toBe(expected) // Object.is equality

    Expected: 400
    Received: 401

      521 |             });
      522 |
    > 523 |             expect(response.status()).toBe(400);
          |                                       ^
      524 |         });
      525 |     });
      526 | });
        at /Users/deepak/Downloads/Projects/StackLens-AI-Deploy/tests/api/comprehensive.test.ts:523:39
]]>
</failure>
<system-err>
<![CDATA[❌ API authentication failed: Error: Firebase signin failed: 401 Unauthorized
    at Object.apiContext [as fn] [90m(file:///Users/deepak/Downloads/Projects/StackLens-AI-Deploy/[39mtests/fixtures.ts:67:23[90m)[39m
    at [90m/Users/deepak/Downloads/Projects/StackLens-AI-Deploy/[39mnode_modules/[4mplaywright[24m/lib/worker/fixtureRunner.js:94:9
]]>
</system-err>
</testcase>
<testcase name="API Tests - ML Training Endpoints › POST /api/ml/train › should initiate ML training job" classname="api/comprehensive.test.ts" time="0.051">
<failure message="comprehensive.test.ts:530:9 should initiate ML training job" type="FAILURE">
<![CDATA[  [api-tests] › api/comprehensive.test.ts:530:9 › API Tests - ML Training Endpoints › POST /api/ml/train › should initiate ML training job 

    Error: expect(received).toBeTruthy()

    Received: false

      540 |             });
      541 |
    > 542 |             expect(response.ok()).toBeTruthy();
          |                                   ^
      543 |             const result = await response.json();
      544 |             expect(result).toHaveProperty('jobId');
      545 |             expect(result).toHaveProperty('status');
        at /Users/deepak/Downloads/Projects/StackLens-AI-Deploy/tests/api/comprehensive.test.ts:542:35
]]>
</failure>
<system-err>
<![CDATA[❌ API authentication failed: Error: Firebase signin failed: 401 Unauthorized
    at Object.apiContext [as fn] [90m(file:///Users/deepak/Downloads/Projects/StackLens-AI-Deploy/[39mtests/fixtures.ts:67:23[90m)[39m
    at [90m/Users/deepak/Downloads/Projects/StackLens-AI-Deploy/[39mnode_modules/[4mplaywright[24m/lib/worker/fixtureRunner.js:94:9
]]>
</system-err>
</testcase>
<testcase name="API Tests - ML Training Endpoints › POST /api/ml/train › should validate training configuration" classname="api/comprehensive.test.ts" time="0.109">
<failure message="comprehensive.test.ts:549:9 should validate training configuration" type="FAILURE">
<![CDATA[  [api-tests] › api/comprehensive.test.ts:549:9 › API Tests - ML Training Endpoints › POST /api/ml/train › should validate training configuration 

    Error: expect(received).toBe(expected) // Object.is equality

    Expected: 400
    Received: 429

      556 |             });
      557 |
    > 558 |             expect(response.status()).toBe(400);
          |                                       ^
      559 |         });
      560 |     });
      561 |
        at /Users/deepak/Downloads/Projects/StackLens-AI-Deploy/tests/api/comprehensive.test.ts:558:39
]]>
</failure>
<system-err>
<![CDATA[❌ API authentication failed: Error: Firebase signin failed: 401 Unauthorized
    at Object.apiContext [as fn] [90m(file:///Users/deepak/Downloads/Projects/StackLens-AI-Deploy/[39mtests/fixtures.ts:67:23[90m)[39m
    at [90m/Users/deepak/Downloads/Projects/StackLens-AI-Deploy/[39mnode_modules/[4mplaywright[24m/lib/worker/fixtureRunner.js:94:9
]]>
</system-err>
</testcase>
<testcase name="API Tests - ML Training Endpoints › GET /api/ml/jobs/:jobId › should retrieve training job status" classname="api/comprehensive.test.ts" time="0.047">
<failure message="comprehensive.test.ts:563:9 should retrieve training job status" type="FAILURE">
<![CDATA[  [api-tests] › api/comprehensive.test.ts:563:9 › API Tests - ML Training Endpoints › GET /api/ml/jobs/:jobId › should retrieve training job status 

    Error: expect(received).toBeTruthy()

    Received: false

      577 |             // Check status
      578 |             const statusResponse = await apiContext.get(`http://localhost:4000/api/ml/jobs/${job.jobId}`);
    > 579 |             expect(statusResponse.ok()).toBeTruthy();
          |                                         ^
      580 |
      581 |             const status = await statusResponse.json();
      582 |             expect(status).toHaveProperty('jobId');
        at /Users/deepak/Downloads/Projects/StackLens-AI-Deploy/tests/api/comprehensive.test.ts:579:41
]]>
</failure>
<system-err>
<![CDATA[❌ API authentication failed: Error: Firebase signin failed: 429 Too Many Requests
    at Object.apiContext [as fn] [90m(file:///Users/deepak/Downloads/Projects/StackLens-AI-Deploy/[39mtests/fixtures.ts:67:23[90m)[39m
    at [90m/Users/deepak/Downloads/Projects/StackLens-AI-Deploy/[39mnode_modules/[4mplaywright[24m/lib/worker/fixtureRunner.js:94:9
]]>
</system-err>
</testcase>
<testcase name="API Tests - ML Training Endpoints › POST /api/ml/predict › should make prediction with trained model" classname="api/comprehensive.test.ts" time="0.048">
<failure message="comprehensive.test.ts:589:9 should make prediction with trained model" type="FAILURE">
<![CDATA[  [api-tests] › api/comprehensive.test.ts:589:9 › API Tests - ML Training Endpoints › POST /api/ml/predict › should make prediction with trained model 

    Error: expect(received).toBeTruthy()

    Received: false

      598 |             });
      599 |
    > 600 |             expect(response.ok()).toBeTruthy();
          |                                   ^
      601 |             const result = await response.json();
      602 |             expect(result).toHaveProperty('prediction');
      603 |             expect(result).toHaveProperty('confidence');
        at /Users/deepak/Downloads/Projects/StackLens-AI-Deploy/tests/api/comprehensive.test.ts:600:35
]]>
</failure>
<system-err>
<![CDATA[❌ API authentication failed: Error: Firebase signin failed: 429 Too Many Requests
    at Object.apiContext [as fn] [90m(file:///Users/deepak/Downloads/Projects/StackLens-AI-Deploy/[39mtests/fixtures.ts:67:23[90m)[39m
    at [90m/Users/deepak/Downloads/Projects/StackLens-AI-Deploy/[39mnode_modules/[4mplaywright[24m/lib/worker/fixtureRunner.js:94:9
]]>
</system-err>
</testcase>
<testcase name="API Tests - ML Training Endpoints › GET /api/ml/models › should list all trained models" classname="api/comprehensive.test.ts" time="0.056">
<failure message="comprehensive.test.ts:610:9 should list all trained models" type="FAILURE">
<![CDATA[  [api-tests] › api/comprehensive.test.ts:610:9 › API Tests - ML Training Endpoints › GET /api/ml/models › should list all trained models 

    Error: expect(received).toBeTruthy()

    Received: false

      611 |             const response = await apiContext.get('http://localhost:4000/api/ml/models');
      612 |
    > 613 |             expect(response.ok()).toBeTruthy();
          |                                   ^
      614 |             const models = await response.json();
      615 |             expect(Array.isArray(models)).toBeTruthy();
      616 |         });
        at /Users/deepak/Downloads/Projects/StackLens-AI-Deploy/tests/api/comprehensive.test.ts:613:35
]]>
</failure>
<system-err>
<![CDATA[❌ API authentication failed: Error: Firebase signin failed: 429 Too Many Requests
    at Object.apiContext [as fn] [90m(file:///Users/deepak/Downloads/Projects/StackLens-AI-Deploy/[39mtests/fixtures.ts:67:23[90m)[39m
    at [90m/Users/deepak/Downloads/Projects/StackLens-AI-Deploy/[39mnode_modules/[4mplaywright[24m/lib/worker/fixtureRunner.js:94:9
]]>
</system-err>
</testcase>
<testcase name="API Tests - ML Training Endpoints › GET /api/ml/models › should filter models by status" classname="api/comprehensive.test.ts" time="0.058">
<failure message="comprehensive.test.ts:618:9 should filter models by status" type="FAILURE">
<![CDATA[  [api-tests] › api/comprehensive.test.ts:618:9 › API Tests - ML Training Endpoints › GET /api/ml/models › should filter models by status 

    Error: expect(received).toBeTruthy()

    Received: false

      619 |             const response = await apiContext.get('http://localhost:4000/api/ml/models?status=active');
      620 |
    > 621 |             expect(response.ok()).toBeTruthy();
          |                                   ^
      622 |             const models = await response.json();
      623 |             models.forEach((model: any) => {
      624 |                 expect(model.status).toBe('active');
        at /Users/deepak/Downloads/Projects/StackLens-AI-Deploy/tests/api/comprehensive.test.ts:621:35
]]>
</failure>
<system-err>
<![CDATA[❌ API authentication failed: Error: Firebase signin failed: 429 Too Many Requests
    at Object.apiContext [as fn] [90m(file:///Users/deepak/Downloads/Projects/StackLens-AI-Deploy/[39mtests/fixtures.ts:67:23[90m)[39m
    at [90m/Users/deepak/Downloads/Projects/StackLens-AI-Deploy/[39mnode_modules/[4mplaywright[24m/lib/worker/fixtureRunner.js:94:9
]]>
</system-err>
</testcase>
<testcase name="API Tests - AI Analysis Endpoints › POST /api/ai/analyze › should analyze error with AI" classname="api/comprehensive.test.ts" time="0.062">
<failure message="comprehensive.test.ts:632:9 should analyze error with AI" type="FAILURE">
<![CDATA[  [api-tests] › api/comprehensive.test.ts:632:9 › API Tests - AI Analysis Endpoints › POST /api/ai/analyze › should analyze error with AI 

    Error: expect(received).toBeTruthy()

    Received: false

      641 |             });
      642 |
    > 643 |             expect(response.ok()).toBeTruthy();
          |                                   ^
      644 |             const result = await response.json();
      645 |             expect(result).toHaveProperty('analysis');
      646 |             expect(result).toHaveProperty('suggestions');
        at /Users/deepak/Downloads/Projects/StackLens-AI-Deploy/tests/api/comprehensive.test.ts:643:35
]]>
</failure>
<system-err>
<![CDATA[❌ API authentication failed: Error: Firebase signin failed: 429 Too Many Requests
    at Object.apiContext [as fn] [90m(file:///Users/deepak/Downloads/Projects/StackLens-AI-Deploy/[39mtests/fixtures.ts:67:23[90m)[39m
    at [90m/Users/deepak/Downloads/Projects/StackLens-AI-Deploy/[39mnode_modules/[4mplaywright[24m/lib/worker/fixtureRunner.js:94:9
]]>
</system-err>
</testcase>
<testcase name="API Tests - AI Analysis Endpoints › POST /api/ai/analyze › should handle timeout for long-running analysis" classname="api/comprehensive.test.ts" time="0.054">
<failure message="comprehensive.test.ts:650:9 should handle timeout for long-running analysis" type="FAILURE">
<![CDATA[  [api-tests] › api/comprehensive.test.ts:650:9 › API Tests - AI Analysis Endpoints › POST /api/ai/analyze › should handle timeout for long-running analysis 

    Error: expect(received).toContain(expected) // indexOf

    Expected value: 429
    Received array: [200, 408]

      654 |             });
      655 |
    > 656 |             expect([200, 408]).toContain(response.status()); // OK or Timeout
          |                                ^
      657 |         });
      658 |     });
      659 |
        at /Users/deepak/Downloads/Projects/StackLens-AI-Deploy/tests/api/comprehensive.test.ts:656:32
]]>
</failure>
<system-err>
<![CDATA[❌ API authentication failed: Error: Firebase signin failed: 429 Too Many Requests
    at Object.apiContext [as fn] [90m(file:///Users/deepak/Downloads/Projects/StackLens-AI-Deploy/[39mtests/fixtures.ts:67:23[90m)[39m
    at [90m/Users/deepak/Downloads/Projects/StackLens-AI-Deploy/[39mnode_modules/[4mplaywright[24m/lib/worker/fixtureRunner.js:94:9
]]>
</system-err>
</testcase>
<testcase name="API Tests - AI Analysis Endpoints › POST /api/ai/suggest › should provide fix suggestions" classname="api/comprehensive.test.ts" time="0.049">
<failure message="comprehensive.test.ts:661:9 should provide fix suggestions" type="FAILURE">
<![CDATA[  [api-tests] › api/comprehensive.test.ts:661:9 › API Tests - AI Analysis Endpoints › POST /api/ai/suggest › should provide fix suggestions 

    Error: expect(received).toBeTruthy()

    Received: false

      669 |             });
      670 |
    > 671 |             expect(response.ok()).toBeTruthy();
          |                                   ^
      672 |             const result = await response.json();
      673 |             expect(result).toHaveProperty('suggestions');
      674 |             expect(Array.isArray(result.suggestions)).toBeTruthy();
        at /Users/deepak/Downloads/Projects/StackLens-AI-Deploy/tests/api/comprehensive.test.ts:671:35
]]>
</failure>
<system-err>
<![CDATA[❌ API authentication failed: Error: Firebase signin failed: 429 Too Many Requests
    at Object.apiContext [as fn] [90m(file:///Users/deepak/Downloads/Projects/StackLens-AI-Deploy/[39mtests/fixtures.ts:67:23[90m)[39m
    at [90m/Users/deepak/Downloads/Projects/StackLens-AI-Deploy/[39mnode_modules/[4mplaywright[24m/lib/worker/fixtureRunner.js:94:9
]]>
</system-err>
</testcase>
<testcase name="API Tests - AI Analysis Endpoints › POST /api/ai/summarize › should summarize multiple errors" classname="api/comprehensive.test.ts" time="0.059">
<failure message="comprehensive.test.ts:680:9 should summarize multiple errors" type="FAILURE">
<![CDATA[  [api-tests] › api/comprehensive.test.ts:680:9 › API Tests - AI Analysis Endpoints › POST /api/ai/summarize › should summarize multiple errors 

    Error: expect(received).toBeTruthy()

    Received: false

      689 |             });
      690 |
    > 691 |             expect(response.ok()).toBeTruthy();
          |                                   ^
      692 |             const result = await response.json();
      693 |             expect(result).toHaveProperty('summary');
      694 |             expect(result).toHaveProperty('keyInsights');
        at /Users/deepak/Downloads/Projects/StackLens-AI-Deploy/tests/api/comprehensive.test.ts:691:35
]]>
</failure>
<system-err>
<![CDATA[❌ API authentication failed: Error: Firebase signin failed: 429 Too Many Requests
    at Object.apiContext [as fn] [90m(file:///Users/deepak/Downloads/Projects/StackLens-AI-Deploy/[39mtests/fixtures.ts:67:23[90m)[39m
    at [90m/Users/deepak/Downloads/Projects/StackLens-AI-Deploy/[39mnode_modules/[4mplaywright[24m/lib/worker/fixtureRunner.js:94:9
]]>
</system-err>
</testcase>
<testcase name="API Tests - File Upload &amp; Processing › POST /api/upload › should handle Excel file upload" classname="api/comprehensive.test.ts" time="0.057">
<failure message="comprehensive.test.ts:702:9 should handle Excel file upload" type="FAILURE">
<![CDATA[  [api-tests] › api/comprehensive.test.ts:702:9 › API Tests - File Upload & Processing › POST /api/upload › should handle Excel file upload 

    Error: expect(received).toBeTruthy()

    Received: false

      713 |             });
      714 |
    > 715 |             expect(response.ok()).toBeTruthy();
          |                                   ^
      716 |             const result = await response.json();
      717 |             expect(result).toHaveProperty('fileId');
      718 |             expect(result).toHaveProperty('filename');
        at /Users/deepak/Downloads/Projects/StackLens-AI-Deploy/tests/api/comprehensive.test.ts:715:35
]]>
</failure>
<system-err>
<![CDATA[❌ API authentication failed: Error: Firebase signin failed: 429 Too Many Requests
    at Object.apiContext [as fn] [90m(file:///Users/deepak/Downloads/Projects/StackLens-AI-Deploy/[39mtests/fixtures.ts:67:23[90m)[39m
    at [90m/Users/deepak/Downloads/Projects/StackLens-AI-Deploy/[39mnode_modules/[4mplaywright[24m/lib/worker/fixtureRunner.js:94:9
]]>
</system-err>
</testcase>
<testcase name="API Tests - File Upload &amp; Processing › POST /api/upload › should reject files exceeding size limit" classname="api/comprehensive.test.ts" time="0.078">
<failure message="comprehensive.test.ts:721:9 should reject files exceeding size limit" type="FAILURE">
<![CDATA[  [api-tests] › api/comprehensive.test.ts:721:9 › API Tests - File Upload & Processing › POST /api/upload › should reject files exceeding size limit 

    Error: expect(received).toBe(expected) // Object.is equality

    Expected: 413
    Received: 429

      732 |             });
      733 |
    > 734 |             expect(response.status()).toBe(413); // Payload Too Large
          |                                       ^
      735 |         });
      736 |
      737 |         test('should reject unsupported file types', async ({ apiContext }) => {
        at /Users/deepak/Downloads/Projects/StackLens-AI-Deploy/tests/api/comprehensive.test.ts:734:39
]]>
</failure>
<system-err>
<![CDATA[❌ API authentication failed: Error: Firebase signin failed: 429 Too Many Requests
    at Object.apiContext [as fn] [90m(file:///Users/deepak/Downloads/Projects/StackLens-AI-Deploy/[39mtests/fixtures.ts:67:23[90m)[39m
    at [90m/Users/deepak/Downloads/Projects/StackLens-AI-Deploy/[39mnode_modules/[4mplaywright[24m/lib/worker/fixtureRunner.js:94:9
]]>
</system-err>
</testcase>
<testcase name="API Tests - File Upload &amp; Processing › POST /api/upload › should reject unsupported file types" classname="api/comprehensive.test.ts" time="0.072">
<failure message="comprehensive.test.ts:737:9 should reject unsupported file types" type="FAILURE">
<![CDATA[  [api-tests] › api/comprehensive.test.ts:737:9 › API Tests - File Upload & Processing › POST /api/upload › should reject unsupported file types 

    Error: expect(received).toBe(expected) // Object.is equality

    Expected: 400
    Received: 429

      748 |             });
      749 |
    > 750 |             expect(response.status()).toBe(400);
          |                                       ^
      751 |         });
      752 |     });
      753 |
        at /Users/deepak/Downloads/Projects/StackLens-AI-Deploy/tests/api/comprehensive.test.ts:750:39
]]>
</failure>
<system-err>
<![CDATA[❌ API authentication failed: Error: Firebase signin failed: 429 Too Many Requests
    at Object.apiContext [as fn] [90m(file:///Users/deepak/Downloads/Projects/StackLens-AI-Deploy/[39mtests/fixtures.ts:67:23[90m)[39m
[...]
      11 |
    > 12 |     test.beforeEach(async ({ authenticatedPage }) => {
         |          ^
      13 |         await authenticatedPage.goto('/upload');
      14 |     });
      15 |
        at /Users/deepak/Downloads/Projects/StackLens-AI-Deploy/tests/e2e/upload.test.ts:12:10

    Error: page.click: Test timeout of 30000ms exceeded.
    Call log:
      - waiting for locator('button:has-text("Sign in with Google")')


       at fixtures.ts:29

      27 |
      28 |         // Perform Firebase Google Sign-in (using test credentials)
    > 29 |         await page.click('button:has-text("Sign in with Google")');
         |                    ^
      30 |
      31 |         // Wait for authentication
      32 |         await page.waitForURL('**/dashboard', { timeout: 10000 });
        at Object.authenticatedPage (/Users/deepak/Downloads/Projects/StackLens-AI-Deploy/tests/fixtures.ts:29:20)

    attachment #1: screenshot (image/png) ──────────────────────────────────────────────────────────
    ../test-results/e2e-upload-File-Upload-and-416d4-pload-log-file-successfully-e2e-webkit/test-failed-1.png
    ────────────────────────────────────────────────────────────────────────────────────────────────

    attachment #2: video (video/webm) ──────────────────────────────────────────────────────────────
    ../test-results/e2e-upload-File-Upload-and-416d4-pload-log-file-successfully-e2e-webkit/video.webm
    ────────────────────────────────────────────────────────────────────────────────────────────────
]]>
</failure>
<system-out>
<![CDATA[
[[ATTACHMENT|e2e-upload-File-Upload-and-416d4-pload-log-file-successfully-e2e-webkit/test-failed-1.png]]

[[ATTACHMENT|e2e-upload-File-Upload-and-416d4-pload-log-file-successfully-e2e-webkit/video.webm]]
]]>
</system-out>
</testcase>
<testcase name="File Upload and Analysis › should reject invalid file types" classname="e2e/upload.test.ts" time="30.084">
<failure message="upload.test.ts:44:5 should reject invalid file types" type="FAILURE">
<![CDATA[  [e2e-webkit] › e2e/upload.test.ts:44:5 › File Upload and Analysis › should reject invalid file types 

    Test timeout of 30000ms exceeded while running "beforeEach" hook.

      10 |     test.use({ storageState: 'tests/.auth/user.json' });
      11 |
    > 12 |     test.beforeEach(async ({ authenticatedPage }) => {
         |          ^
      13 |         await authenticatedPage.goto('/upload');
      14 |     });
      15 |
        at /Users/deepak/Downloads/Projects/StackLens-AI-Deploy/tests/e2e/upload.test.ts:12:10

    Error: page.click: Test timeout of 30000ms exceeded.
    Call log:
      - waiting for locator('button:has-text("Sign in with Google")')


       at fixtures.ts:29

      27 |
      28 |         // Perform Firebase Google Sign-in (using test credentials)
    > 29 |         await page.click('button:has-text("Sign in with Google")');
         |                    ^
      30 |
      31 |         // Wait for authentication
      32 |         await page.waitForURL('**/dashboard', { timeout: 10000 });
        at Object.authenticatedPage (/Users/deepak/Downloads/Projects/StackLens-AI-Deploy/tests/fixtures.ts:29:20)

    attachment #1: screenshot (image/png) ──────────────────────────────────────────────────────────
    ../test-results/e2e-upload-File-Upload-and-af5c0-d-reject-invalid-file-types-e2e-webkit/test-failed-1.png
    ────────────────────────────────────────────────────────────────────────────────────────────────

    attachment #2: video (video/webm) ──────────────────────────────────────────────────────────────
    ../test-results/e2e-upload-File-Upload-and-af5c0-d-reject-invalid-file-types-e2e-webkit/video.webm
    ────────────────────────────────────────────────────────────────────────────────────────────────
]]>
</failure>
<system-out>
<![CDATA[
[[ATTACHMENT|e2e-upload-File-Upload-and-af5c0-d-reject-invalid-file-types-e2e-webkit/test-failed-1.png]]

[[ATTACHMENT|e2e-upload-File-Upload-and-af5c0-d-reject-invalid-file-types-e2e-webkit/video.webm]]
]]>
</system-out>
</testcase>
<testcase name="File Upload and Analysis › should reject files larger than limit" classname="e2e/upload.test.ts" time="30.434">
<failure message="upload.test.ts:55:5 should reject files larger than limit" type="FAILURE">
<![CDATA[  [e2e-webkit] › e2e/upload.test.ts:55:5 › File Upload and Analysis › should reject files larger than limit 

    Test timeout of 30000ms exceeded while running "beforeEach" hook.

      10 |     test.use({ storageState: 'tests/.auth/user.json' });
      11 |
    > 12 |     test.beforeEach(async ({ authenticatedPage }) => {
         |          ^
      13 |         await authenticatedPage.goto('/upload');
      14 |     });
      15 |
        at /Users/deepak/Downloads/Projects/StackLens-AI-Deploy/tests/e2e/upload.test.ts:12:10

    Error: page.click: Test timeout of 30000ms exceeded.
    Call log:
      - waiting for locator('button:has-text("Sign in with Google")')


       at fixtures.ts:29

      27 |
      28 |         // Perform Firebase Google Sign-in (using test credentials)
    > 29 |         await page.click('button:has-text("Sign in with Google")');
         |                    ^
      30 |
      31 |         // Wait for authentication
      32 |         await page.waitForURL('**/dashboard', { timeout: 10000 });
        at Object.authenticatedPage (/Users/deepak/Downloads/Projects/StackLens-AI-Deploy/tests/fixtures.ts:29:20)

    attachment #1: screenshot (image/png) ──────────────────────────────────────────────────────────
    ../test-results/e2e-upload-File-Upload-and-4827a-ect-files-larger-than-limit-e2e-webkit/test-failed-1.png
    ────────────────────────────────────────────────────────────────────────────────────────────────

    attachment #2: video (video/webm) ──────────────────────────────────────────────────────────────
    ../test-results/e2e-upload-File-Upload-and-4827a-ect-files-larger-than-limit-e2e-webkit/video.webm
    ────────────────────────────────────────────────────────────────────────────────────────────────
]]>
</failure>
<system-out>
<![CDATA[
[[ATTACHMENT|e2e-upload-File-Upload-and-4827a-ect-files-larger-than-limit-e2e-webkit/test-failed-1.png]]

[[ATTACHMENT|e2e-upload-File-Upload-and-4827a-ect-files-larger-than-limit-e2e-webkit/video.webm]]
]]>
</system-out>
</testcase>
<testcase name="File Upload and Analysis › should trigger AI analysis after upload" classname="e2e/upload.test.ts" time="30.167">
<failure message="upload.test.ts:66:5 should trigger AI analysis after upload" type="FAILURE">
<![CDATA[  [e2e-webkit] › e2e/upload.test.ts:66:5 › File Upload and Analysis › should trigger AI analysis after upload 

    Test timeout of 30000ms exceeded while running "beforeEach" hook.

      10 |     test.use({ storageState: 'tests/.auth/user.json' });
      11 |
    > 12 |     test.beforeEach(async ({ authenticatedPage }) => {
         |          ^
      13 |         await authenticatedPage.goto('/upload');
      14 |     });
      15 |
        at /Users/deepak/Downloads/Projects/StackLens-AI-Deploy/tests/e2e/upload.test.ts:12:10

    Error: page.click: Test timeout of 30000ms exceeded.
    Call log:
      - waiting for locator('button:has-text("Sign in with Google")')


       at fixtures.ts:29

      27 |
      28 |         // Perform Firebase Google Sign-in (using test credentials)
    > 29 |         await page.click('button:has-text("Sign in with Google")');
         |                    ^
      30 |
      31 |         // Wait for authentication
      32 |         await page.waitForURL('**/dashboard', { timeout: 10000 });
        at Object.authenticatedPage (/Users/deepak/Downloads/Projects/StackLens-AI-Deploy/tests/fixtures.ts:29:20)

    attachment #1: screenshot (image/png) ──────────────────────────────────────────────────────────
    ../test-results/e2e-upload-File-Upload-and-e4b7c-er-AI-analysis-after-upload-e2e-webkit/test-failed-1.png
    ────────────────────────────────────────────────────────────────────────────────────────────────

    attachment #2: video (video/webm) ──────────────────────────────────────────────────────────────
    ../test-results/e2e-upload-File-Upload-and-e4b7c-er-AI-analysis-after-upload-e2e-webkit/video.webm
    ────────────────────────────────────────────────────────────────────────────────────────────────
]]>
</failure>
<system-out>
<![CDATA[
[[ATTACHMENT|e2e-upload-File-Upload-and-e4b7c-er-AI-analysis-after-upload-e2e-webkit/test-failed-1.png]]

[[ATTACHMENT|e2e-upload-File-Upload-and-e4b7c-er-AI-analysis-after-upload-e2e-webkit/video.webm]]
]]>
</system-out>
</testcase>
<testcase name="File Upload and Analysis › should display error detection results" classname="e2e/upload.test.ts" time="30.114">
<failure message="upload.test.ts:84:5 should display error detection results" type="FAILURE">
<![CDATA[  [e2e-webkit] › e2e/upload.test.ts:84:5 › File Upload and Analysis › should display error detection results 

    Test timeout of 30000ms exceeded while running "beforeEach" hook.

      10 |     test.use({ storageState: 'tests/.auth/user.json' });
      11 |
    > 12 |     test.beforeEach(async ({ authenticatedPage }) => {
         |          ^
      13 |         await authenticatedPage.goto('/upload');
      14 |     });
      15 |
        at /Users/deepak/Downloads/Projects/StackLens-AI-Deploy/tests/e2e/upload.test.ts:12:10

    Error: page.click: Test timeout of 30000ms exceeded.
    Call log:
      - waiting for locator('button:has-text("Sign in with Google")')


       at fixtures.ts:29

      27 |
      28 |         // Perform Firebase Google Sign-in (using test credentials)
    > 29 |         await page.click('button:has-text("Sign in with Google")');
         |                    ^
      30 |
      31 |         // Wait for authentication
      32 |         await page.waitForURL('**/dashboard', { timeout: 10000 });
        at Object.authenticatedPage (/Users/deepak/Downloads/Projects/StackLens-AI-Deploy/tests/fixtures.ts:29:20)

    attachment #1: screenshot (image/png) ──────────────────────────────────────────────────────────
    ../test-results/e2e-upload-File-Upload-and-bef47-lay-error-detection-results-e2e-webkit/test-failed-1.png
    ────────────────────────────────────────────────────────────────────────────────────────────────

    attachment #2: video (video/webm) ──────────────────────────────────────────────────────────────
    ../test-results/e2e-upload-File-Upload-and-bef47-lay-error-detection-results-e2e-webkit/video.webm
    ────────────────────────────────────────────────────────────────────────────────────────────────
]]>
</failure>
<system-out>
<![CDATA[
[[ATTACHMENT|e2e-upload-File-Upload-and-bef47-lay-error-detection-results-e2e-webkit/test-failed-1.png]]

[[ATTACHMENT|e2e-upload-File-Upload-and-bef47-lay-error-detection-results-e2e-webkit/video.webm]]
]]>
</system-out>
</testcase>
<testcase name="File Upload and Analysis › should display AI suggestions" classname="e2e/upload.test.ts" time="30.542">
<failure message="upload.test.ts:100:5 should display AI suggestions" type="FAILURE">
<![CDATA[  [e2e-webkit] › e2e/upload.test.ts:100:5 › File Upload and Analysis › should display AI suggestions 

    Test timeout of 30000ms exceeded while running "beforeEach" hook.

      10 |     test.use({ storageState: 'tests/.auth/user.json' });
      11 |
    > 12 |     test.beforeEach(async ({ authenticatedPage }) => {
         |          ^
      13 |         await authenticatedPage.goto('/upload');
      14 |     });
      15 |
        at /Users/deepak/Downloads/Projects/StackLens-AI-Deploy/tests/e2e/upload.test.ts:12:10

    Error: page.click: Test timeout of 30000ms exceeded.
    Call log:
      - waiting for locator('button:has-text("Sign in with Google")')


       at fixtures.ts:29

      27 |
      28 |         // Perform Firebase Google Sign-in (using test credentials)
    > 29 |         await page.click('button:has-text("Sign in with Google")');
         |                    ^
      30 |
      31 |         // Wait for authentication
      32 |         await page.waitForURL('**/dashboard', { timeout: 10000 });
        at Object.authenticatedPage (/Users/deepak/Downloads/Projects/StackLens-AI-Deploy/tests/fixtures.ts:29:20)

    attachment #1: screenshot (image/png) ──────────────────────────────────────────────────────────
    ../test-results/e2e-upload-File-Upload-and-d80cc-ould-display-AI-suggestions-e2e-webkit/test-failed-1.png
    ────────────────────────────────────────────────────────────────────────────────────────────────

    attachment #2: video (video/webm) ──────────────────────────────────────────────────────────────
    ../test-results/e2e-upload-File-Upload-and-d80cc-ould-display-AI-suggestions-e2e-webkit/video.webm
    ────────────────────────────────────────────────────────────────────────────────────────────────
]]>
</failure>
<system-out>
<![CDATA[
[[ATTACHMENT|e2e-upload-File-Upload-and-d80cc-ould-display-AI-suggestions-e2e-webkit/test-failed-1.png]]

[[ATTACHMENT|e2e-upload-File-Upload-and-d80cc-ould-display-AI-suggestions-e2e-webkit/video.webm]]
]]>
</system-out>
</testcase>
<testcase name="File Upload and Analysis › should display ML predictions" classname="e2e/upload.test.ts" time="30.087">
<failure message="upload.test.ts:111:5 should display ML predictions" type="FAILURE">
<![CDATA[  [e2e-webkit] › e2e/upload.test.ts:111:5 › File Upload and Analysis › should display ML predictions 

    Test timeout of 30000ms exceeded while running "beforeEach" hook.

      10 |     test.use({ storageState: 'tests/.auth/user.json' });
      11 |
    > 12 |     test.beforeEach(async ({ authenticatedPage }) => {
         |          ^
      13 |         await authenticatedPage.goto('/upload');
      14 |     });
      15 |
        at /Users/deepak/Downloads/Projects/StackLens-AI-Deploy/tests/e2e/upload.test.ts:12:10

    Error: page.click: Test timeout of 30000ms exceeded.
    Call log:
      - waiting for locator('button:has-text("Sign in with Google")')


       at fixtures.ts:29

      27 |
      28 |         // Perform Firebase Google Sign-in (using test credentials)
    > 29 |         await page.click('button:has-text("Sign in with Google")');
         |                    ^
      30 |
      31 |         // Wait for authentication
      32 |         await page.waitForURL('**/dashboard', { timeout: 10000 });
        at Object.authenticatedPage (/Users/deepak/Downloads/Projects/StackLens-AI-Deploy/tests/fixtures.ts:29:20)

    attachment #1: screenshot (image/png) ──────────────────────────────────────────────────────────
    ../test-results/e2e-upload-File-Upload-and-5707d-ould-display-ML-predictions-e2e-webkit/test-failed-1.png
    ────────────────────────────────────────────────────────────────────────────────────────────────

    attachment #2: video (video/webm) ──────────────────────────────────────────────────────────────
    ../test-results/e2e-upload-File-Upload-and-5707d-ould-display-ML-predictions-e2e-webkit/video.webm
    ────────────────────────────────────────────────────────────────────────────────────────────────
]]>
</failure>
<system-out>
<![CDATA[
[[ATTACHMENT|e2e-upload-File-Upload-and-5707d-ould-display-ML-predictions-e2e-webkit/test-failed-1.png]]

[[ATTACHMENT|e2e-upload-File-Upload-and-5707d-ould-display-ML-predictions-e2e-webkit/video.webm]]
]]>
</system-out>
</testcase>
<testcase name="File Upload and Analysis › should navigate to error details" classname="e2e/upload.test.ts" time="30.079">
<failure message="upload.test.ts:122:5 should navigate to error details" type="FAILURE">
<![CDATA[  [e2e-webkit] › e2e/upload.test.ts:122:5 › File Upload and Analysis › should navigate to error details 

    Test timeout of 30000ms exceeded while running "beforeEach" hook.

      10 |     test.use({ storageState: 'tests/.auth/user.json' });
      11 |
    > 12 |     test.beforeEach(async ({ authenticatedPage }) => {
         |          ^
      13 |         await authenticatedPage.goto('/upload');
      14 |     });
      15 |
        at /Users/deepak/Downloads/Projects/StackLens-AI-Deploy/tests/e2e/upload.test.ts:12:10

    Error: page.click: Test timeout of 30000ms exceeded.
    Call log:
      - waiting for locator('button:has-text("Sign in with Google")')


       at fixtures.ts:29

      27 |
      28 |         // Perform Firebase Google Sign-in (using test credentials)
    > 29 |         await page.click('button:has-text("Sign in with Google")');
         |                    ^
      30 |
      31 |         // Wait for authentication
      32 |         await page.waitForURL('**/dashboard', { timeout: 10000 });
        at Object.authenticatedPage (/Users/deepak/Downloads/Projects/StackLens-AI-Deploy/tests/fixtures.ts:29:20)

    attachment #1: screenshot (image/png) ──────────────────────────────────────────────────────────
    ../test-results/e2e-upload-File-Upload-and-ab40c-d-navigate-to-error-details-e2e-webkit/test-failed-1.png
    ────────────────────────────────────────────────────────────────────────────────────────────────

    attachment #2: video (video/webm) ──────────────────────────────────────────────────────────────
    ../test-results/e2e-upload-File-Upload-and-ab40c-d-navigate-to-error-details-e2e-webkit/video.webm
    ────────────────────────────────────────────────────────────────────────────────────────────────
]]>
</failure>
<system-out>
<![CDATA[
[[ATTACHMENT|e2e-upload-File-Upload-and-ab40c-d-navigate-to-error-details-e2e-webkit/test-failed-1.png]]

[[ATTACHMENT|e2e-upload-File-Upload-and-ab40c-d-navigate-to-error-details-e2e-webkit/video.webm]]
]]>
</system-out>
</testcase>
<testcase name="File Upload and Analysis › should handle upload errors gracefully" classname="e2e/upload.test.ts" time="30.075">
<failure message="upload.test.ts:136:5 should handle upload errors gracefully" type="FAILURE">
<![CDATA[  [e2e-webkit] › e2e/upload.test.ts:136:5 › File Upload and Analysis › should handle upload errors gracefully 

    Test timeout of 30000ms exceeded while running "beforeEach" hook.

      10 |     test.use({ storageState: 'tests/.auth/user.json' });
      11 |
    > 12 |     test.beforeEach(async ({ authenticatedPage }) => {
         |          ^
      13 |         await authenticatedPage.goto('/upload');
      14 |     });
      15 |
        at /Users/deepak/Downloads/Projects/StackLens-AI-Deploy/tests/e2e/upload.test.ts:12:10

    Error: page.click: Test timeout of 30000ms exceeded.
    Call log:
      - waiting for locator('button:has-text("Sign in with Google")')


       at fixtures.ts:29

      27 |
      28 |         // Perform Firebase Google Sign-in (using test credentials)
    > 29 |         await page.click('button:has-text("Sign in with Google")');
         |                    ^
      30 |
      31 |         // Wait for authentication
      32 |         await page.waitForURL('**/dashboard', { timeout: 10000 });
        at Object.authenticatedPage (/Users/deepak/Downloads/Projects/StackLens-AI-Deploy/tests/fixtures.ts:29:20)

    attachment #1: screenshot (image/png) ──────────────────────────────────────────────────────────
    ../test-results/e2e-upload-File-Upload-and-8b50c-le-upload-errors-gracefully-e2e-webkit/test-failed-1.png
    ────────────────────────────────────────────────────────────────────────────────────────────────

    attachment #2: video (video/webm) ──────────────────────────────────────────────────────────────
    ../test-results/e2e-upload-File-Upload-and-8b50c-le-upload-errors-gracefully-e2e-webkit/video.webm
    ────────────────────────────────────────────────────────────────────────────────────────────────
]]>
</failure>
<system-out>
<![CDATA[
[[ATTACHMENT|e2e-upload-File-Upload-and-8b50c-le-upload-errors-gracefully-e2e-webkit/test-failed-1.png]]

[[ATTACHMENT|e2e-upload-File-Upload-and-8b50c-le-upload-errors-gracefully-e2e-webkit/video.webm]]
]]>
</system-out>
</testcase>
</testsuite>
</testsuites>