<testsuites id="" name="" tests="414" failures="350" skipped="6" errors="0" time="100.993261">
<testsuite name="api/auth-upload.test.ts" timestamp="2025-10-07T05:06:40.993Z" hostname="api-tests" tests="11" failures="10" skipped="0" time="0.616" errors="0">
<testcase name="Authentication API › POST /api/auth/firebase-signin - should authenticate user" classname="api/auth-upload.test.ts" time="0.083">
<failure message="auth-upload.test.ts:11:5 POST /api/auth/firebase-signin - should authenticate user" type="FAILURE">
<![CDATA[  [api-tests] › api/auth-upload.test.ts:11:5 › Authentication API › POST /api/auth/firebase-signin - should authenticate user 

    Error: expect(received).toBe(expected) // Object.is equality

    Expected: 200
    Received: 400

      17 |         });
      18 |
    > 19 |         expect(response.status()).toBe(200);
         |                                   ^
      20 |
      21 |         const data = await response.json();
      22 |         expect(data).toHaveProperty('token');
        at /Users/deepak/Downloads/Projects/StackLens-AI-Deploy/tests/api/auth-upload.test.ts:19:35
]]>
</failure>
</testcase>
<testcase name="Authentication API › POST /api/auth/firebase-verify - should verify token" classname="api/auth-upload.test.ts" time="0.085">
<failure message="auth-upload.test.ts:27:5 POST /api/auth/firebase-verify - should verify token" type="FAILURE">
<![CDATA[  [api-tests] › api/auth-upload.test.ts:27:5 › Authentication API › POST /api/auth/firebase-verify - should verify token 

    Error: expect(received).toBe(expected) // Object.is equality

    Expected: 200
    Received: 400

      32 |         });
      33 |
    > 34 |         expect(response.status()).toBe(200);
         |                                   ^
      35 |
      36 |         const data = await response.json();
      37 |         expect(data).toHaveProperty('valid', true);
        at /Users/deepak/Downloads/Projects/StackLens-AI-Deploy/tests/api/auth-upload.test.ts:34:35
]]>
</failure>
</testcase>
<testcase name="Authentication API › GET /api/auth/me - should return current user" classname="api/auth-upload.test.ts" time="0.059">
<failure message="auth-upload.test.ts:41:5 GET /api/auth/me - should return current user" type="FAILURE">
<![CDATA[  [api-tests] › api/auth-upload.test.ts:41:5 › Authentication API › GET /api/auth/me - should return current user 

    SyntaxError: Unexpected end of JSON input

       at fixtures.ts:52

      50 |         });
      51 |
    > 52 |         const { token } = await response.json();
         |                           ^
      53 |
      54 |         // Dispose current context and create authenticated one
      55 |         await apiContext.dispose();
        at Object.apiContext (/Users/deepak/Downloads/Projects/StackLens-AI-Deploy/tests/fixtures.ts:52:27)
]]>
</failure>
</testcase>
<testcase name="Authentication API › POST /api/auth/firebase-signin - should reject invalid token" classname="api/auth-upload.test.ts" time="0.089">
<failure message="auth-upload.test.ts:52:5 POST /api/auth/firebase-signin - should reject invalid token" type="FAILURE">
<![CDATA[  [api-tests] › api/auth-upload.test.ts:52:5 › Authentication API › POST /api/auth/firebase-signin - should reject invalid token 

    Error: expect(received).toBe(expected) // Object.is equality

    Expected: 401
    Received: 400

      57 |         });
      58 |
    > 59 |         expect(response.status()).toBe(401);
         |                                   ^
      60 |
      61 |         const data = await response.json();
      62 |         expect(data).toHaveProperty('message');
        at /Users/deepak/Downloads/Projects/StackLens-AI-Deploy/tests/api/auth-upload.test.ts:59:35
]]>
</failure>
</testcase>
<testcase name="Authentication API › GET /api/auth/me - should reject unauthenticated request" classname="api/auth-upload.test.ts" time="0.078">
</testcase>
<testcase name="File Upload API › POST /api/upload - should upload Excel file" classname="api/auth-upload.test.ts" time="0.044">
<failure message="auth-upload.test.ts:79:5 POST /api/upload - should upload Excel file" type="FAILURE">
<![CDATA[  [api-tests] › api/auth-upload.test.ts:79:5 › File Upload API › POST /api/upload - should upload Excel file 

    SyntaxError: Unexpected end of JSON input

       at fixtures.ts:52

      50 |         });
      51 |
    > 52 |         const { token } = await response.json();
         |                           ^
      53 |
      54 |         // Dispose current context and create authenticated one
      55 |         await apiContext.dispose();
        at Object.apiContext (/Users/deepak/Downloads/Projects/StackLens-AI-Deploy/tests/fixtures.ts:52:27)
]]>
</failure>
</testcase>
<testcase name="File Upload API › POST /api/upload - should upload CSV file" classname="api/auth-upload.test.ts" time="0.007">
<failure message="auth-upload.test.ts:98:5 POST /api/upload - should upload CSV file" type="FAILURE">
<![CDATA[  [api-tests] › api/auth-upload.test.ts:98:5 › File Upload API › POST /api/upload - should upload CSV file 

    SyntaxError: Unexpected end of JSON input

       at fixtures.ts:52

      50 |         });
      51 |
    > 52 |         const { token } = await response.json();
         |                           ^
      53 |
      54 |         // Dispose current context and create authenticated one
      55 |         await apiContext.dispose();
        at Object.apiContext (/Users/deepak/Downloads/Projects/StackLens-AI-Deploy/tests/fixtures.ts:52:27)
]]>
</failure>
</testcase>
<testcase name="File Upload API › POST /api/upload - should reject invalid file type" classname="api/auth-upload.test.ts" time="0.042">
<failure message="auth-upload.test.ts:112:5 POST /api/upload - should reject invalid file type" type="FAILURE">
<![CDATA[  [api-tests] › api/auth-upload.test.ts:112:5 › File Upload API › POST /api/upload - should reject invalid file type 

    SyntaxError: Unexpected end of JSON input

       at fixtures.ts:52

      50 |         });
      51 |
    > 52 |         const { token } = await response.json();
         |                           ^
      53 |
      54 |         // Dispose current context and create authenticated one
      55 |         await apiContext.dispose();
        at Object.apiContext (/Users/deepak/Downloads/Projects/StackLens-AI-Deploy/tests/fixtures.ts:52:27)
]]>
</failure>
</testcase>
<testcase name="File Upload API › GET /api/files - should list uploaded files" classname="api/auth-upload.test.ts" time="0.043">
<failure message="auth-upload.test.ts:130:5 GET /api/files - should list uploaded files" type="FAILURE">
<![CDATA[  [api-tests] › api/auth-upload.test.ts:130:5 › File Upload API › GET /api/files - should list uploaded files 

    SyntaxError: Unexpected end of JSON input

       at fixtures.ts:52

      50 |         });
      51 |
    > 52 |         const { token } = await response.json();
         |                           ^
      53 |
      54 |         // Dispose current context and create authenticated one
      55 |         await apiContext.dispose();
        at Object.apiContext (/Users/deepak/Downloads/Projects/StackLens-AI-Deploy/tests/fixtures.ts:52:27)
]]>
</failure>
</testcase>
<testcase name="File Upload API › GET /api/files/:id - should get file details" classname="api/auth-upload.test.ts" time="0.041">
<failure message="auth-upload.test.ts:145:5 GET /api/files/:id - should get file details" type="FAILURE">
<![CDATA[  [api-tests] › api/auth-upload.test.ts:145:5 › File Upload API › GET /api/files/:id - should get file details 

    SyntaxError: Unexpected end of JSON input

       at fixtures.ts:52

      50 |         });
      51 |
    > 52 |         const { token } = await response.json();
         |                           ^
      53 |
      54 |         // Dispose current context and create authenticated one
      55 |         await apiContext.dispose();
        at Object.apiContext (/Users/deepak/Downloads/Projects/StackLens-AI-Deploy/tests/fixtures.ts:52:27)
]]>
</failure>
</testcase>
<testcase name="File Upload API › DELETE /api/files/:id - should delete file" classname="api/auth-upload.test.ts" time="0.045">
<failure message="auth-upload.test.ts:169:5 DELETE /api/files/:id - should delete file" type="FAILURE">
<![CDATA[  [api-tests] › api/auth-upload.test.ts:169:5 › File Upload API › DELETE /api/files/:id - should delete file 

    SyntaxError: Unexpected end of JSON input

       at fixtures.ts:52

      50 |         });
      51 |
    > 52 |         const { token } = await response.json();
         |                           ^
      53 |
      54 |         // Dispose current context and create authenticated one
      55 |         await apiContext.dispose();
        at Object.apiContext (/Users/deepak/Downloads/Projects/StackLens-AI-Deploy/tests/fixtures.ts:52:27)
]]>
</failure>
</testcase>
</testsuite>
<testsuite name="api/comprehensive.test.ts" timestamp="2025-10-07T05:06:40.993Z" hostname="api-tests" tests="89" failures="86" skipped="0" time="5.491" errors="0">
<testcase name="API Tests - Error Management Endpoints › GET /api/errors › should retrieve all errors" classname="api/comprehensive.test.ts" time="0.055">
<failure message="comprehensive.test.ts:5:9 should retrieve all errors" type="FAILURE">
<![CDATA[  [api-tests] › api/comprehensive.test.ts:5:9 › API Tests - Error Management Endpoints › GET /api/errors › should retrieve all errors 

    Error: expect(received).toBeTruthy()

    Received: false

       6 |             const response = await request.get('http://localhost:5000/api/errors');
       7 |
    >  8 |             expect(response.ok()).toBeTruthy();
         |                                   ^
       9 |             const errors = await response.json();
      10 |             expect(Array.isArray(errors)).toBeTruthy();
      11 |         });
        at /Users/deepak/Downloads/Projects/StackLens-AI-Deploy/tests/api/comprehensive.test.ts:8:35
]]>
</failure>
</testcase>
<testcase name="API Tests - Error Management Endpoints › GET /api/errors › should support pagination" classname="api/comprehensive.test.ts" time="0.052">
<failure message="comprehensive.test.ts:13:9 should support pagination" type="FAILURE">
<![CDATA[  [api-tests] › api/comprehensive.test.ts:13:9 › API Tests - Error Management Endpoints › GET /api/errors › should support pagination 

    Error: expect(received).toBeTruthy()

    Received: false

      14 |             const response = await request.get('http://localhost:5000/api/errors?page=1&limit=10');
      15 |
    > 16 |             expect(response.ok()).toBeTruthy();
         |                                   ^
      17 |             const data = await response.json();
      18 |             expect(data).toHaveProperty('errors');
      19 |             expect(data).toHaveProperty('total');
        at /Users/deepak/Downloads/Projects/StackLens-AI-Deploy/tests/api/comprehensive.test.ts:16:35
]]>
</failure>
</testcase>
<testcase name="API Tests - Error Management Endpoints › GET /api/errors › should filter by severity" classname="api/comprehensive.test.ts" time="0.056">
<failure message="comprehensive.test.ts:25:9 should filter by severity" type="FAILURE">
<![CDATA[  [api-tests] › api/comprehensive.test.ts:25:9 › API Tests - Error Management Endpoints › GET /api/errors › should filter by severity 

    Error: expect(received).toBeTruthy()

    Received: false

      26 |             const response = await request.get('http://localhost:5000/api/errors?severity=critical');
      27 |
    > 28 |             expect(response.ok()).toBeTruthy();
         |                                   ^
      29 |             const errors = await response.json();
      30 |             errors.forEach((error: any) => {
      31 |                 expect(error.severity).toBe('critical');
        at /Users/deepak/Downloads/Projects/StackLens-AI-Deploy/tests/api/comprehensive.test.ts:28:35
]]>
</failure>
</testcase>
<testcase name="API Tests - Error Management Endpoints › GET /api/errors › should filter by error type" classname="api/comprehensive.test.ts" time="0.051">
<failure message="comprehensive.test.ts:35:9 should filter by error type" type="FAILURE">
<![CDATA[  [api-tests] › api/comprehensive.test.ts:35:9 › API Tests - Error Management Endpoints › GET /api/errors › should filter by error type 

    Error: expect(received).toBeTruthy()

    Received: false

      36 |             const response = await request.get('http://localhost:5000/api/errors?errorType=Runtime');
      37 |
    > 38 |             expect(response.ok()).toBeTruthy();
         |                                   ^
      39 |             const errors = await response.json();
      40 |             errors.forEach((error: any) => {
      41 |                 expect(error.errorType).toBe('Runtime');
        at /Users/deepak/Downloads/Projects/StackLens-AI-Deploy/tests/api/comprehensive.test.ts:38:35
]]>
</failure>
</testcase>
<testcase name="API Tests - Error Management Endpoints › GET /api/errors › should filter by date range" classname="api/comprehensive.test.ts" time="0.053">
<failure message="comprehensive.test.ts:45:9 should filter by date range" type="FAILURE">
<![CDATA[  [api-tests] › api/comprehensive.test.ts:45:9 › API Tests - Error Management Endpoints › GET /api/errors › should filter by date range 

    Error: expect(received).toBeTruthy()

    Received: false

      51 |             );
      52 |
    > 53 |             expect(response.ok()).toBeTruthy();
         |                                   ^
      54 |         });
      55 |
      56 |         test('should search by message', async ({ request }) => {
        at /Users/deepak/Downloads/Projects/StackLens-AI-Deploy/tests/api/comprehensive.test.ts:53:35
]]>
</failure>
</testcase>
<testcase name="API Tests - Error Management Endpoints › GET /api/errors › should search by message" classname="api/comprehensive.test.ts" time="0.049">
<failure message="comprehensive.test.ts:56:9 should search by message" type="FAILURE">
<![CDATA[  [api-tests] › api/comprehensive.test.ts:56:9 › API Tests - Error Management Endpoints › GET /api/errors › should search by message 

    Error: expect(received).toBeTruthy()

    Received: false

      57 |             const response = await request.get('http://localhost:5000/api/errors?search=database');
      58 |
    > 59 |             expect(response.ok()).toBeTruthy();
         |                                   ^
      60 |             const errors = await response.json();
      61 |             errors.forEach((error: any) => {
      62 |                 expect(error.message.toLowerCase()).toContain('database');
        at /Users/deepak/Downloads/Projects/StackLens-AI-Deploy/tests/api/comprehensive.test.ts:59:35
]]>
</failure>
</testcase>
<testcase name="API Tests - Error Management Endpoints › GET /api/errors › should filter by resolved status" classname="api/comprehensive.test.ts" time="0.05">
<failure message="comprehensive.test.ts:66:9 should filter by resolved status" type="FAILURE">
<![CDATA[  [api-tests] › api/comprehensive.test.ts:66:9 › API Tests - Error Management Endpoints › GET /api/errors › should filter by resolved status 

    Error: expect(received).toBeTruthy()

    Received: false

      67 |             const response = await request.get('http://localhost:5000/api/errors?resolved=false');
      68 |
    > 69 |             expect(response.ok()).toBeTruthy();
         |                                   ^
      70 |             const errors = await response.json();
      71 |             errors.forEach((error: any) => {
      72 |                 expect(error.resolved).toBe(false);
        at /Users/deepak/Downloads/Projects/StackLens-AI-Deploy/tests/api/comprehensive.test.ts:69:35
]]>
</failure>
</testcase>
<testcase name="API Tests - Error Management Endpoints › GET /api/errors › should filter by store" classname="api/comprehensive.test.ts" time="0.044">
<failure message="comprehensive.test.ts:76:9 should filter by store" type="FAILURE">
<![CDATA[  [api-tests] › api/comprehensive.test.ts:76:9 › API Tests - Error Management Endpoints › GET /api/errors › should filter by store 

    Error: expect(received).toBeTruthy()

    Received: false

      77 |             const response = await request.get('http://localhost:5000/api/errors?store=STORE-0001');
      78 |
    > 79 |             expect(response.ok()).toBeTruthy();
         |                                   ^
      80 |             const errors = await response.json();
      81 |             errors.forEach((error: any) => {
      82 |                 expect(error.store).toBe('STORE-0001');
        at /Users/deepak/Downloads/Projects/StackLens-AI-Deploy/tests/api/comprehensive.test.ts:79:35
]]>
</failure>
</testcase>
<testcase name="API Tests - Error Management Endpoints › GET /api/errors › should support sorting" classname="api/comprehensive.test.ts" time="0.047">
<failure message="comprehensive.test.ts:86:9 should support sorting" type="FAILURE">
<![CDATA[  [api-tests] › api/comprehensive.test.ts:86:9 › API Tests - Error Management Endpoints › GET /api/errors › should support sorting 

    Error: expect(received).toBeTruthy()

    Received: false

      87 |             const response = await request.get('http://localhost:5000/api/errors?sortBy=timestamp&order=desc');
      88 |
    > 89 |             expect(response.ok()).toBeTruthy();
         |                                   ^
      90 |             const errors = await response.json();
      91 |
      92 |             // Verify descending order
        at /Users/deepak/Downloads/Projects/StackLens-AI-Deploy/tests/api/comprehensive.test.ts:89:35
]]>
</failure>
</testcase>
<testcase name="API Tests - Error Management Endpoints › GET /api/errors › should handle invalid query parameters gracefully" classname="api/comprehensive.test.ts" time="0.046">
<failure message="comprehensive.test.ts:100:9 should handle invalid query parameters gracefully" type="FAILURE">
<![CDATA[  [api-tests] › api/comprehensive.test.ts:100:9 › API Tests - Error Management Endpoints › GET /api/errors › should handle invalid query parameters gracefully 

    Error: expect(received).toBe(expected) // Object.is equality

    Expected: 400
    Received: 403

      101 |             const response = await request.get('http://localhost:5000/api/errors?page=-1&limit=1000');
      102 |
    > 103 |             expect(response.status()).toBe(400);
          |                                       ^
      104 |             const error = await response.json();
      105 |             expect(error).toHaveProperty('error');
      106 |         });
        at /Users/deepak/Downloads/Projects/StackLens-AI-Deploy/tests/api/comprehensive.test.ts:103:39
]]>
</failure>
</testcase>
<testcase name="API Tests - Error Management Endpoints › POST /api/errors › should create new error" classname="api/comprehensive.test.ts" time="0.055">
<failure message="comprehensive.test.ts:110:9 should create new error" type="FAILURE">
<![CDATA[  [api-tests] › api/comprehensive.test.ts:110:9 › API Tests - Error Management Endpoints › POST /api/errors › should create new error 

    Error: expect(received).toBeTruthy()

    Received: false

      122 |             });
      123 |
    > 124 |             expect(response.ok()).toBeTruthy();
          |                                   ^
      125 |             const created = await response.json();
      126 |             expect(created).toHaveProperty('id');
      127 |             expect(created.message).toBe(newError.message);
        at /Users/deepak/Downloads/Projects/StackLens-AI-Deploy/tests/api/comprehensive.test.ts:124:35
]]>
</failure>
</testcase>
<testcase name="API Tests - Error Management Endpoints › POST /api/errors › should validate required fields" classname="api/comprehensive.test.ts" time="0.058">
<failure message="comprehensive.test.ts:131:9 should validate required fields" type="FAILURE">
<![CDATA[  [api-tests] › api/comprehensive.test.ts:131:9 › API Tests - Error Management Endpoints › POST /api/errors › should validate required fields 

    Error: expect(received).toBe(expected) // Object.is equality

    Expected: 400
    Received: 403

      139 |             });
      140 |
    > 141 |             expect(response.status()).toBe(400);
          |                                       ^
      142 |             const error = await response.json();
      143 |             expect(error).toHaveProperty('error');
      144 |         });
        at /Users/deepak/Downloads/Projects/StackLens-AI-Deploy/tests/api/comprehensive.test.ts:141:39
]]>
</failure>
</testcase>
<testcase name="API Tests - Error Management Endpoints › POST /api/errors › should validate severity values" classname="api/comprehensive.test.ts" time="0.059">
<failure message="comprehensive.test.ts:146:9 should validate severity values" type="FAILURE">
<![CDATA[  [api-tests] › api/comprehensive.test.ts:146:9 › API Tests - Error Management Endpoints › POST /api/errors › should validate severity values 

    Error: expect(received).toBe(expected) // Object.is equality

    Expected: 400
    Received: 403

      155 |             });
      156 |
    > 157 |             expect(response.status()).toBe(400);
          |                                       ^
      158 |         });
      159 |
      160 |         test('should set default values for optional fields', async ({ request }) => {
        at /Users/deepak/Downloads/Projects/StackLens-AI-Deploy/tests/api/comprehensive.test.ts:157:39
]]>
</failure>
</testcase>
<testcase name="API Tests - Error Management Endpoints › POST /api/errors › should set default values for optional fields" classname="api/comprehensive.test.ts" time="0.056">
<failure message="comprehensive.test.ts:160:9 should set default values for optional fields" type="FAILURE">
<![CDATA[  [api-tests] › api/comprehensive.test.ts:160:9 › API Tests - Error Management Endpoints › POST /api/errors › should set default values for optional fields 

    Error: expect(received).toBeTruthy()

    Received: false

      169 |             });
      170 |
    > 171 |             expect(response.ok()).toBeTruthy();
          |                                   ^
      172 |             const created = await response.json();
      173 |             expect(created).toHaveProperty('timestamp');
      174 |             expect(created).toHaveProperty('resolved');
        at /Users/deepak/Downloads/Projects/StackLens-AI-Deploy/tests/api/comprehensive.test.ts:171:35
]]>
</failure>
</testcase>
<testcase name="API Tests - Error Management Endpoints › GET /api/errors/:id › should retrieve specific error by ID" classname="api/comprehensive.test.ts" time="0.052">
<failure message="comprehensive.test.ts:180:9 should retrieve specific error by ID" type="FAILURE">
<![CDATA[  [api-tests] › api/comprehensive.test.ts:180:9 › API Tests - Error Management Endpoints › GET /api/errors/:id › should retrieve specific error by ID 

    SyntaxError: Unexpected end of JSON input

      190 |             });
      191 |
    > 192 |             const created = await createResponse.json();
          |                             ^
      193 |
      194 |             // Retrieve the error
      195 |             const getResponse = await request.get(`http://localhost:5000/api/errors/${created.id}`);
        at /Users/deepak/Downloads/Projects/StackLens-AI-Deploy/tests/api/comprehensive.test.ts:192:29
]]>
</failure>
</testcase>
<testcase name="API Tests - Error Management Endpoints › GET /api/errors/:id › should return 404 for non-existent error" classname="api/comprehensive.test.ts" time="0.05">
<failure message="comprehensive.test.ts:203:9 should return 404 for non-existent error" type="FAILURE">
<![CDATA[  [api-tests] › api/comprehensive.test.ts:203:9 › API Tests - Error Management Endpoints › GET /api/errors/:id › should return 404 for non-existent error 

    Error: expect(received).toBe(expected) // Object.is equality

    Expected: 404
    Received: 403

      203 |         test('should return 404 for non-existent error', async ({ request }) => {
      204 |             const response = await request.get('http://localhost:5000/api/errors/99999999');
    > 205 |             expect(response.status()).toBe(404);
          |                                       ^
      206 |         });
      207 |
      208 |         test('should return 400 for invalid ID format', async ({ request }) => {
        at /Users/deepak/Downloads/Projects/StackLens-AI-Deploy/tests/api/comprehensive.test.ts:205:39
]]>
</failure>
</testcase>
<testcase name="API Tests - Error Management Endpoints › GET /api/errors/:id › should return 400 for invalid ID format" classname="api/comprehensive.test.ts" time="0.049">
<failure message="comprehensive.test.ts:208:9 should return 400 for invalid ID format" type="FAILURE">
<![CDATA[  [api-tests] › api/comprehensive.test.ts:208:9 › API Tests - Error Management Endpoints › GET /api/errors/:id › should return 400 for invalid ID format 

    Error: expect(received).toBe(expected) // Object.is equality

    Expected: 400
    Received: 403

      208 |         test('should return 400 for invalid ID format', async ({ request }) => {
      209 |             const response = await request.get('http://localhost:5000/api/errors/invalid-id');
    > 210 |             expect(response.status()).toBe(400);
          |                                       ^
      211 |         });
      212 |     });
      213 |
        at /Users/deepak/Downloads/Projects/StackLens-AI-Deploy/tests/api/comprehensive.test.ts:210:39
]]>
</failure>
</testcase>
<testcase name="API Tests - Error Management Endpoints › PATCH /api/errors/:id › should update error fields" classname="api/comprehensive.test.ts" time="0.044">
<failure message="comprehensive.test.ts:215:9 should update error fields" type="FAILURE">
<![CDATA[  [api-tests] › api/comprehensive.test.ts:215:9 › API Tests - Error Management Endpoints › PATCH /api/errors/:id › should update error fields 

    SyntaxError: Unexpected end of JSON input

      225 |             });
      226 |
    > 227 |             const created = await createResponse.json();
          |                             ^
      228 |
      229 |             // Update error
      230 |             const updates = {
        at /Users/deepak/Downloads/Projects/StackLens-AI-Deploy/tests/api/comprehensive.test.ts:227:29
]]>
</failure>
</testcase>
<testcase name="API Tests - Error Management Endpoints › PATCH /api/errors/:id › should validate updated field values" classname="api/comprehensive.test.ts" time="0.047">
<failure message="comprehensive.test.ts:248:9 should validate updated field values" type="FAILURE">
<![CDATA[  [api-tests] › api/comprehensive.test.ts:248:9 › API Tests - Error Management Endpoints › PATCH /api/errors/:id › should validate updated field values 

    SyntaxError: Unexpected end of JSON input

      251 |             });
      252 |
    > 253 |             const created = await createResponse.json();
          |                             ^
      254 |
      255 |             const invalidUpdate = {
      256 |                 severity: 'invalid_value'
        at /Users/deepak/Downloads/Projects/StackLens-AI-Deploy/tests/api/comprehensive.test.ts:253:29
]]>
</failure>
</testcase>
<testcase name="API Tests - Error Management Endpoints › PATCH /api/errors/:id › should return 404 when updating non-existent error" classname="api/comprehensive.test.ts" time="0.052">
<failure message="comprehensive.test.ts:266:9 should return 404 when updating non-existent error" type="FAILURE">
<![CDATA[  [api-tests] › api/comprehensive.test.ts:266:9 › API Tests - Error Management Endpoints › PATCH /api/errors/:id › should return 404 when updating non-existent error 

    Error: expect(received).toBe(expected) // Object.is equality

    Expected: 404
    Received: 403

      269 |             });
      270 |
    > 271 |             expect(response.status()).toBe(404);
          |                                       ^
      272 |         });
      273 |     });
      274 |
        at /Users/deepak/Downloads/Projects/StackLens-AI-Deploy/tests/api/comprehensive.test.ts:271:39
]]>
</failure>
</testcase>
<testcase name="API Tests - Error Management Endpoints › DELETE /api/errors/:id › should delete error" classname="api/comprehensive.test.ts" time="0.043">
<failure message="comprehensive.test.ts:276:9 should delete error" type="FAILURE">
<![CDATA[  [api-tests] › api/comprehensive.test.ts:276:9 › API Tests - Error Management Endpoints › DELETE /api/errors/:id › should delete error 

    SyntaxError: Unexpected end of JSON input

      286 |             });
      287 |
    > 288 |             const created = await createResponse.json();
          |                             ^
      289 |
      290 |             // Delete error
      291 |             const deleteResponse = await request.delete(`http://localhost:5000/api/errors/${created.id}`);
        at /Users/deepak/Downloads/Projects/StackLens-AI-Deploy/tests/api/comprehensive.test.ts:288:29
]]>
</failure>
</testcase>
<testcase name="API Tests - Error Management Endpoints › DELETE /api/errors/:id › should return 404 when deleting non-existent error" classname="api/comprehensive.test.ts" time="0.045">
<failure message="comprehensive.test.ts:299:9 should return 404 when deleting non-existent error" type="FAILURE">
<![CDATA[  [api-tests] › api/comprehensive.test.ts:299:9 › API Tests - Error Management Endpoints › DELETE /api/errors/:id › should return 404 when deleting non-existent error 

    Error: expect(received).toBe(expected) // Object.is equality

    Expected: 404
    Received: 403

      299 |         test('should return 404 when deleting non-existent error', async ({ request }) => {
      300 |             const response = await request.delete('http://localhost:5000/api/errors/99999999');
    > 301 |             expect(response.status()).toBe(404);
          |                                       ^
      302 |         });
      303 |     });
      304 |
        at /Users/deepak/Downloads/Projects/StackLens-AI-Deploy/tests/api/comprehensive.test.ts:301:39
]]>
</failure>
</testcase>
<testcase name="API Tests - Error Management Endpoints › POST /api/errors/bulk › should create multiple errors in bulk" classname="api/comprehensive.test.ts" time="0.042">
<failure message="comprehensive.test.ts:306:9 should create multiple errors in bulk" type="FAILURE">
<![CDATA[  [api-tests] › api/comprehensive.test.ts:306:9 › API Tests - Error Management Endpoints › POST /api/errors/bulk › should create multiple errors in bulk 

    Error: expect(received).toBeTruthy()

    Received: false

      315 |             });
      316 |
    > 317 |             expect(response.ok()).toBeTruthy();
          |                                   ^
      318 |             const result = await response.json();
      319 |             expect(result).toHaveProperty('created');
      320 |             expect(result.created).toBe(3);
        at /Users/deepak/Downloads/Projects/StackLens-AI-Deploy/tests/api/comprehensive.test.ts:317:35
]]>
</failure>
</testcase>
<testcase name="API Tests - Error Management Endpoints › POST /api/errors/bulk › should handle validation errors in bulk creation" classname="api/comprehensive.test.ts" time="0.045">
<failure message="comprehensive.test.ts:325:9 should handle validation errors in bulk creation" type="FAILURE">
<![CDATA[  [api-tests] › api/comprehensive.test.ts:325:9 › API Tests - Error Management Endpoints › POST /api/errors/bulk › should handle validation errors in bulk creation 

    Error: expect(received).toBe(expected) // Object.is equality

    Expected: 400
    Received: 403

      333 |             });
      334 |
    > 335 |             expect(response.status()).toBe(400);
          |                                       ^
      336 |             const error = await response.json();
      337 |             expect(error).toHaveProperty('invalidIndices');
      338 |         });
        at /Users/deepak/Downloads/Projects/StackLens-AI-Deploy/tests/api/comprehensive.test.ts:335:39
]]>
</failure>
</testcase>
<testcase name="API Tests - Error Management Endpoints › GET /api/errors/stats › should retrieve error statistics" classname="api/comprehensive.test.ts" time="0.045">
<failure message="comprehensive.test.ts:342:9 should retrieve error statistics" type="FAILURE">
<![CDATA[  [api-tests] › api/comprehensive.test.ts:342:9 › API Tests - Error Management Endpoints › GET /api/errors/stats › should retrieve error statistics 

    Error: expect(received).toBeTruthy()

    Received: false

      343 |             const response = await request.get('http://localhost:5000/api/errors/stats');
      344 |
    > 345 |             expect(response.ok()).toBeTruthy();
          |                                   ^
      346 |             const stats = await response.json();
      347 |             expect(stats).toHaveProperty('total');
      348 |             expect(stats).toHaveProperty('bySeverity');
        at /Users/deepak/Downloads/Projects/StackLens-AI-Deploy/tests/api/comprehensive.test.ts:345:35
]]>
</failure>
</testcase>
<testcase name="API Tests - Error Management Endpoints › GET /api/errors/stats › should filter statistics by date range" classname="api/comprehensive.test.ts" time="0.048">
<failure message="comprehensive.test.ts:354:9 should filter statistics by date range" type="FAILURE">
<![CDATA[  [api-tests] › api/comprehensive.test.ts:354:9 › API Tests - Error Management Endpoints › GET /api/errors/stats › should filter statistics by date range 

    Error: expect(received).toBeTruthy()

    Received: false

      357 |             );
      358 |
    > 359 |             expect(response.ok()).toBeTruthy();
          |                                   ^
      360 |             const stats = await response.json();
      361 |             expect(stats).toHaveProperty('dateRange');
      362 |         });
        at /Users/deepak/Downloads/Projects/StackLens-AI-Deploy/tests/api/comprehensive.test.ts:359:35
]]>
</failure>
</testcase>
<testcase name="API Tests - Error Management Endpoints › GET /api/errors/stats › should provide statistics by store" classname="api/comprehensive.test.ts" time="0.048">
<failure message="comprehensive.test.ts:364:9 should provide statistics by store" type="FAILURE">
<![CDATA[  [api-tests] › api/comprehensive.test.ts:364:9 › API Tests - Error Management Endpoints › GET /api/errors/stats › should provide statistics by store 

    Error: expect(received).toBeTruthy()

    Received: false

      365 |             const response = await request.get('http://localhost:5000/api/errors/stats/by-store');
      366 |
    > 367 |             expect(response.ok()).toBeTruthy();
          |                                   ^
      368 |             const stats = await response.json();
      369 |             expect(Array.isArray(stats)).toBeTruthy();
      370 |         });
        at /Users/deepak/Downloads/Projects/StackLens-AI-Deploy/tests/api/comprehensive.test.ts:367:35
]]>
</failure>
</testcase>
<testcase name="API Tests - Error Management Endpoints › POST /api/errors/export › should export errors as CSV" classname="api/comprehensive.test.ts" time="0.048">
<failure message="comprehensive.test.ts:374:9 should export errors as CSV" type="FAILURE">
<![CDATA[  [api-tests] › api/comprehensive.test.ts:374:9 › API Tests - Error Management Endpoints › POST /api/errors/export › should export errors as CSV 

    Error: expect(received).toBeTruthy()

    Received: false

      380 |             });
      381 |
    > 382 |             expect(response.ok()).toBeTruthy();
          |                                   ^
      383 |             const contentType = response.headers()['content-type'];
      384 |             expect(contentType).toContain('text/csv');
      385 |         });
        at /Users/deepak/Downloads/Projects/StackLens-AI-Deploy/tests/api/comprehensive.test.ts:382:35
]]>
</failure>
</testcase>
<testcase name="API Tests - Error Management Endpoints › POST /api/errors/export › should export errors as JSON" classname="api/comprehensive.test.ts" time="0.046">
<failure message="comprehensive.test.ts:387:9 should export errors as JSON" type="FAILURE">
<![CDATA[  [api-tests] › api/comprehensive.test.ts:387:9 › API Tests - Error Management Endpoints › POST /api/errors/export › should export errors as JSON 

    Error: expect(received).toBeTruthy()

    Received: false

      393 |             });
      394 |
    > 395 |             expect(response.ok()).toBeTruthy();
          |                                   ^
      396 |             const contentType = response.headers()['content-type'];
      397 |             expect(contentType).toContain('application/json');
      398 |         });
        at /Users/deepak/Downloads/Projects/StackLens-AI-Deploy/tests/api/comprehensive.test.ts:395:35
]]>
</failure>
</testcase>
<testcase name="API Tests - Error Management Endpoints › POST /api/errors/export › should export errors as Excel" classname="api/comprehensive.test.ts" time="0.04">
<failure message="comprehensive.test.ts:400:9 should export errors as Excel" type="FAILURE">
<![CDATA[  [api-tests] › api/comprehensive.test.ts:400:9 › API Tests - Error Management Endpoints › POST /api/errors/export › should export errors as Excel 

    Error: expect(received).toBeTruthy()

    Received: false

      406 |             });
      407 |
    > 408 |             expect(response.ok()).toBeTruthy();
          |                                   ^
      409 |             const contentType = response.headers()['content-type'];
      410 |             expect(contentType).toContain('spreadsheet');
      411 |         });
        at /Users/deepak/Downloads/Projects/StackLens-AI-Deploy/tests/api/comprehensive.test.ts:408:35
]]>
</failure>
</testcase>
<testcase name="API Tests - Store &amp; Kiosk Management › GET /api/stores › should retrieve all stores" classname="api/comprehensive.test.ts" time="0.045">
<failure message="comprehensive.test.ts:417:9 should retrieve all stores" type="FAILURE">
<![CDATA[  [api-tests] › api/comprehensive.test.ts:417:9 › API Tests - Store & Kiosk Management › GET /api/stores › should retrieve all stores 

    Error: expect(received).toBeTruthy()

    Received: false

      418 |             const response = await request.get('http://localhost:5000/api/stores');
      419 |
    > 420 |             expect(response.ok()).toBeTruthy();
          |                                   ^
      421 |             const stores = await response.json();
      422 |             expect(Array.isArray(stores)).toBeTruthy();
      423 |         });
        at /Users/deepak/Downloads/Projects/StackLens-AI-Deploy/tests/api/comprehensive.test.ts:420:35
]]>
</failure>
</testcase>
<testcase name="API Tests - Store &amp; Kiosk Management › GET /api/stores › should support pagination for stores" classname="api/comprehensive.test.ts" time="0.046">
<failure message="comprehensive.test.ts:425:9 should support pagination for stores" type="FAILURE">
<![CDATA[  [api-tests] › api/comprehensive.test.ts:425:9 › API Tests - Store & Kiosk Management › GET /api/stores › should support pagination for stores 

    Error: expect(received).toBeTruthy()

    Received: false

      426 |             const response = await request.get('http://localhost:5000/api/stores?page=1&limit=20');
      427 |
    > 428 |             expect(response.ok()).toBeTruthy();
          |                                   ^
      429 |             const data = await response.json();
      430 |             expect(data.stores.length).toBeLessThanOrEqual(20);
      431 |         });
        at /Users/deepak/Downloads/Projects/StackLens-AI-Deploy/tests/api/comprehensive.test.ts:428:35
]]>
</failure>
</testcase>
<testcase name="API Tests - Store &amp; Kiosk Management › GET /api/stores › should search stores by name" classname="api/comprehensive.test.ts" time="0.046">
<failure message="comprehensive.test.ts:433:9 should search stores by name" type="FAILURE">
<![CDATA[  [api-tests] › api/comprehensive.test.ts:433:9 › API Tests - Store & Kiosk Management › GET /api/stores › should search stores by name 

    Error: expect(received).toBeTruthy()

    Received: false

      434 |             const response = await request.get('http://localhost:5000/api/stores?search=test');
      435 |
    > 436 |             expect(response.ok()).toBeTruthy();
          |                                   ^
      437 |         });
      438 |     });
      439 |
        at /Users/deepak/Downloads/Projects/StackLens-AI-Deploy/tests/api/comprehensive.test.ts:436:35
]]>
</failure>
</testcase>
<testcase name="API Tests - Store &amp; Kiosk Management › POST /api/stores › should create new store" classname="api/comprehensive.test.ts" time="0.046">
<failure message="comprehensive.test.ts:441:9 should create new store" type="FAILURE">
<![CDATA[  [api-tests] › api/comprehensive.test.ts:441:9 › API Tests - Store & Kiosk Management › POST /api/stores › should create new store 

    Error: expect(received).toBeTruthy()

    Received: false

      451 |             });
      452 |
    > 453 |             expect(response.ok()).toBeTruthy();
          |                                   ^
      454 |             const created = await response.json();
      455 |             expect(created.storeNumber).toBe(newStore.storeNumber);
      456 |         });
        at /Users/deepak/Downloads/Projects/StackLens-AI-Deploy/tests/api/comprehensive.test.ts:453:35
]]>
</failure>
</testcase>
<testcase name="API Tests - Store &amp; Kiosk Management › POST /api/stores › should prevent duplicate store numbers" classname="api/comprehensive.test.ts" time="0.045">
<failure message="comprehensive.test.ts:458:9 should prevent duplicate store numbers" type="FAILURE">
<![CDATA[  [api-tests] › api/comprehensive.test.ts:458:9 › API Tests - Store & Kiosk Management › POST /api/stores › should prevent duplicate store numbers 

    Error: expect(received).toBe(expected) // Object.is equality

    Expected: 409
    Received: 403

      469 |             });
      470 |
    > 471 |             expect(response.status()).toBe(409); // Conflict
          |                                       ^
      472 |         });
      473 |     });
      474 |
        at /Users/deepak/Downloads/Projects/StackLens-AI-Deploy/tests/api/comprehensive.test.ts:471:39
]]>
</failure>
</testcase>
<testcase name="API Tests - Store &amp; Kiosk Management › GET /api/kiosks › should retrieve all kiosks" classname="api/comprehensive.test.ts" time="0.045">
<failure message="comprehensive.test.ts:476:9 should retrieve all kiosks" type="FAILURE">
<![CDATA[  [api-tests] › api/comprehensive.test.ts:476:9 › API Tests - Store & Kiosk Management › GET /api/kiosks › should retrieve all kiosks 

    Error: expect(received).toBeTruthy()

    Received: false

      477 |             const response = await request.get('http://localhost:5000/api/kiosks');
      478 |
    > 479 |             expect(response.ok()).toBeTruthy();
          |                                   ^
      480 |             const kiosks = await response.json();
      481 |             expect(Array.isArray(kiosks)).toBeTruthy();
      482 |         });
        at /Users/deepak/Downloads/Projects/StackLens-AI-Deploy/tests/api/comprehensive.test.ts:479:35
]]>
</failure>
</testcase>
<testcase name="API Tests - Store &amp; Kiosk Management › GET /api/kiosks › should filter kiosks by store" classname="api/comprehensive.test.ts" time="0.043">
<failure message="comprehensive.test.ts:484:9 should filter kiosks by store" type="FAILURE">
<![CDATA[  [api-tests] › api/comprehensive.test.ts:484:9 › API Tests - Store & Kiosk Management › GET /api/kiosks › should filter kiosks by store 

    Error: expect(received).toBeTruthy()

    Received: false

      485 |             const response = await request.get('http://localhost:5000/api/kiosks?store=STORE-0001');
      486 |
    > 487 |             expect(response.ok()).toBeTruthy();
          |                                   ^
      488 |             const kiosks = await response.json();
      489 |             kiosks.forEach((kiosk: any) => {
      490 |                 expect(kiosk.storeNumber).toBe('STORE-0001');
        at /Users/deepak/Downloads/Projects/StackLens-AI-Deploy/tests/api/comprehensive.test.ts:487:35
]]>
</failure>
</testcase>
<testcase name="API Tests - Store &amp; Kiosk Management › POST /api/kiosks › should create new kiosk" classname="api/comprehensive.test.ts" time="0.046">
<failure message="comprehensive.test.ts:496:9 should create new kiosk" type="FAILURE">
<![CDATA[  [api-tests] › api/comprehensive.test.ts:496:9 › API Tests - Store & Kiosk Management › POST /api/kiosks › should create new kiosk 

    Error: expect(received).toBeTruthy()

    Received: false

      505 |             });
      506 |
    > 507 |             expect(response.ok()).toBeTruthy();
          |                                   ^
      508 |             const created = await response.json();
      509 |             expect(created.kioskNumber).toBe(newKiosk.kioskNumber);
      510 |         });
        at /Users/deepak/Downloads/Projects/StackLens-AI-Deploy/tests/api/comprehensive.test.ts:507:35
]]>
</failure>
</testcase>
<testcase name="API Tests - Store &amp; Kiosk Management › POST /api/kiosks › should validate kiosk belongs to valid store" classname="api/comprehensive.test.ts" time="0.042">
<failure message="comprehensive.test.ts:512:9 should validate kiosk belongs to valid store" type="FAILURE">
<![CDATA[  [api-tests] › api/comprehensive.test.ts:512:9 › API Tests - Store & Kiosk Management › POST /api/kiosks › should validate kiosk belongs to valid store 

    Error: expect(received).toBe(expected) // Object.is equality

    Expected: 400
    Received: 403

      521 |             });
      522 |
    > 523 |             expect(response.status()).toBe(400);
          |                                       ^
      524 |         });
      525 |     });
      526 | });
        at /Users/deepak/Downloads/Projects/StackLens-AI-Deploy/tests/api/comprehensive.test.ts:523:39
]]>
</failure>
</testcase>
<testcase name="API Tests - ML Training Endpoints › POST /api/ml/train › should initiate ML training job" classname="api/comprehensive.test.ts" time="0.042">
<failure message="comprehensive.test.ts:530:9 should initiate ML training job" type="FAILURE">
<![CDATA[  [api-tests] › api/comprehensive.test.ts:530:9 › API Tests - ML Training Endpoints › POST /api/ml/train › should initiate ML training job 

    Error: expect(received).toBeTruthy()

    Received: false

      540 |             });
      541 |
    > 542 |             expect(response.ok()).toBeTruthy();
          |                                   ^
      543 |             const result = await response.json();
      544 |             expect(result).toHaveProperty('jobId');
      545 |             expect(result).toHaveProperty('status');
        at /Users/deepak/Downloads/Projects/StackLens-AI-Deploy/tests/api/comprehensive.test.ts:542:35
]]>
</failure>
</testcase>
<testcase name="API Tests - ML Training Endpoints › POST /api/ml/train › should validate training configuration" classname="api/comprehensive.test.ts" time="0.046">
<failure message="comprehensive.test.ts:549:9 should validate training configuration" type="FAILURE">
<![CDATA[  [api-tests] › api/comprehensive.test.ts:549:9 › API Tests - ML Training Endpoints › POST /api/ml/train › should validate training configuration 

    Error: expect(received).toBe(expected) // Object.is equality

    Expected: 400
    Received: 403

      556 |             });
      557 |
    > 558 |             expect(response.status()).toBe(400);
          |                                       ^
      559 |         });
      560 |     });
      561 |
        at /Users/deepak/Downloads/Projects/StackLens-AI-Deploy/tests/api/comprehensive.test.ts:558:39
]]>
</failure>
</testcase>
<testcase name="API Tests - ML Training Endpoints › GET /api/ml/jobs/:jobId › should retrieve training job status" classname="api/comprehensive.test.ts" time="0.047">
<failure message="comprehensive.test.ts:563:9 should retrieve training job status" type="FAILURE">
<![CDATA[  [api-tests] › api/comprehensive.test.ts:563:9 › API Tests - ML Training Endpoints › GET /api/ml/jobs/:jobId › should retrieve training job status 

    SyntaxError: Unexpected end of JSON input

      573 |             });
      574 |
    > 575 |             const job = await createResponse.json();
          |                         ^
      576 |
      577 |             // Check status
      578 |             const statusResponse = await request.get(`http://localhost:5000/api/ml/jobs/${job.jobId}`);
        at /Users/deepak/Downloads/Projects/StackLens-AI-Deploy/tests/api/comprehensive.test.ts:575:25
]]>
</failure>
</testcase>
<testcase name="API Tests - ML Training Endpoints › POST /api/ml/predict › should make prediction with trained model" classname="api/comprehensive.test.ts" time="0.044">
<failure message="comprehensive.test.ts:589:9 should make prediction with trained model" type="FAILURE">
<![CDATA[  [api-tests] › api/comprehensive.test.ts:589:9 › API Tests - ML Training Endpoints › POST /api/ml/predict › should make prediction with trained model 

    Error: expect(received).toBeTruthy()

    Received: false

      598 |             });
      599 |
    > 600 |             expect(response.ok()).toBeTruthy();
          |                                   ^
      601 |             const result = await response.json();
      602 |             expect(result).toHaveProperty('prediction');
      603 |             expect(result).toHaveProperty('confidence');
        at /Users/deepak/Downloads/Projects/StackLens-AI-Deploy/tests/api/comprehensive.test.ts:600:35
]]>
</failure>
</testcase>
<testcase name="API Tests - ML Training Endpoints › GET /api/ml/models › should list all trained models" classname="api/comprehensive.test.ts" time="0.048">
<failure message="comprehensive.test.ts:610:9 should list all trained models" type="FAILURE">
<![CDATA[  [api-tests] › api/comprehensive.test.ts:610:9 › API Tests - ML Training Endpoints › GET /api/ml/models › should list all trained models 

    Error: expect(received).toBeTruthy()

    Received: false

      611 |             const response = await request.get('http://localhost:5000/api/ml/models');
      612 |
    > 613 |             expect(response.ok()).toBeTruthy();
          |                                   ^
      614 |             const models = await response.json();
      615 |             expect(Array.isArray(models)).toBeTruthy();
      616 |         });
        at /Users/deepak/Downloads/Projects/StackLens-AI-Deploy/tests/api/comprehensive.test.ts:613:35
]]>
</failure>
</testcase>
<testcase name="API Tests - ML Training Endpoints › GET /api/ml/models › should filter models by status" classname="api/comprehensive.test.ts" time="0.043">
<failure message="comprehensive.test.ts:618:9 should filter models by status" type="FAILURE">
<![CDATA[  [api-tests] › api/comprehensive.test.ts:618:9 › API Tests - ML Training Endpoints › GET /api/ml/models › should filter models by status 

    Error: expect(received).toBeTruthy()

    Received: false

      619 |             const response = await request.get('http://localhost:5000/api/ml/models?status=active');
      620 |
    > 621 |             expect(response.ok()).toBeTruthy();
          |                                   ^
      622 |             const models = await response.json();
      623 |             models.forEach((model: any) => {
      624 |                 expect(model.status).toBe('active');
        at /Users/deepak/Downloads/Projects/StackLens-AI-Deploy/tests/api/comprehensive.test.ts:621:35
]]>
</failure>
</testcase>
<testcase name="API Tests - AI Analysis Endpoints › POST /api/ai/analyze › should analyze error with AI" classname="api/comprehensive.test.ts" time="0.049">
<failure message="comprehensive.test.ts:632:9 should analyze error with AI" type="FAILURE">
<![CDATA[  [api-tests] › api/comprehensive.test.ts:632:9 › API Tests - AI Analysis Endpoints › POST /api/ai/analyze › should analyze error with AI 

    Error: expect(received).toBeTruthy()

    Received: false

      641 |             });
      642 |
    > 643 |             expect(response.ok()).toBeTruthy();
          |                                   ^
      644 |             const result = await response.json();
      645 |             expect(result).toHaveProperty('analysis');
      646 |             expect(result).toHaveProperty('suggestions');
        at /Users/deepak/Downloads/Projects/StackLens-AI-Deploy/tests/api/comprehensive.test.ts:643:35
]]>
</failure>
</testcase>
<testcase name="API Tests - AI Analysis Endpoints › POST /api/ai/analyze › should handle timeout for long-running analysis" classname="api/comprehensive.test.ts" time="0.042">
<failure message="comprehensive.test.ts:650:9 should handle timeout for long-running analysis" type="FAILURE">
<![CDATA[  [api-tests] › api/comprehensive.test.ts:650:9 › API Tests - AI Analysis Endpoints › POST /api/ai/analyze › should handle timeout for long-running analysis 

    Error: expect(received).toContain(expected) // indexOf

    Expected value: 403
    Received array: [200, 408]

      654 |             });
      655 |
    > 656 |             expect([200, 408]).toContain(response.status()); // OK or Timeout
          |                                ^
      657 |         });
      658 |     });
      659 |
        at /Users/deepak/Downloads/Projects/StackLens-AI-Deploy/tests/api/comprehensive.test.ts:656:32
]]>
</failure>
</testcase>
<testcase name="API Tests - AI Analysis Endpoints › POST /api/ai/suggest › should provide fix suggestions" classname="api/comprehensive.test.ts" time="0.041">
<failure message="comprehensive.test.ts:661:9 should provide fix suggestions" type="FAILURE">
<![CDATA[  [api-tests] › api/comprehensive.test.ts:661:9 › API Tests - AI Analysis Endpoints › POST /api/ai/suggest › should provide fix suggestions 

    Error: expect(received).toBeTruthy()

    Received: false

      669 |             });
      670 |
    > 671 |             expect(response.ok()).toBeTruthy();
          |                                   ^
      672 |             const result = await response.json();
      673 |             expect(result).toHaveProperty('suggestions');
      674 |             expect(Array.isArray(result.suggestions)).toBeTruthy();
        at /Users/deepak/Downloads/Projects/StackLens-AI-Deploy/tests/api/comprehensive.test.ts:671:35
]]>
</failure>
</testcase>
<testcase name="API Tests - AI Analysis Endpoints › POST /api/ai/summarize › should summarize multiple errors" classname="api/comprehensive.test.ts" time="0.041">
<failure message="comprehensive.test.ts:680:9 should summarize multiple errors" type="FAILURE">
<![CDATA[  [api-tests] › api/comprehensive.test.ts:680:9 › API Tests - AI Analysis Endpoints › POST /api/ai/summarize › should summarize multiple errors 

    Error: expect(received).toBeTruthy()

    Received: false

      689 |             });
      690 |
    > 691 |             expect(response.ok()).toBeTruthy();
          |                                   ^
      692 |             const result = await response.json();
      693 |             expect(result).toHaveProperty('summary');
      694 |             expect(result).toHaveProperty('keyInsights');
        at /Users/deepak/Downloads/Projects/StackLens-AI-Deploy/tests/api/comprehensive.test.ts:691:35
]]>
</failure>
</testcase>
<testcase name="API Tests - File Upload &amp; Processing › POST /api/upload › should handle Excel file upload" classname="api/comprehensive.test.ts" time="0.044">
<failure message="comprehensive.test.ts:702:9 should handle Excel file upload" type="FAILURE">
<![CDATA[  [api-tests] › api/comprehensive.test.ts:702:9 › API Tests - File Upload & Processing › POST /api/upload › should handle Excel file upload 

    Error: expect(received).toBeTruthy()

    Received: false

      713 |             });
      714 |
    > 715 |             expect(response.ok()).toBeTruthy();
          |                                   ^
      716 |             const result = await response.json();
      717 |             expect(result).toHaveProperty('fileId');
      718 |             expect(result).toHaveProperty('filename');
        at /Users/deepak/Downloads/Projects/StackLens-AI-Deploy/tests/api/comprehensive.test.ts:715:35
]]>
</failure>
</testcase>
<testcase name="API Tests - File Upload &amp; Processing › POST /api/upload › should reject files exceeding size limit" classname="api/comprehensive.test.ts" time="0.053">
<failure message="comprehensive.test.ts:721:9 should reject files exceeding size limit" type="FAILURE">
<![CDATA[  [api-tests] › api/comprehensive.test.ts:721:9 › API Tests - File Upload & Processing › POST /api/upload › should reject files exceeding size limit 

    Error: expect(received).toBe(expected) // Object.is equality

    Expected: 413
    Received: 403

      732 |             });
      733 |
    > 734 |             expect(response.status()).toBe(413); // Payload Too Large
          |                                       ^
      735 |         });
      736 |
      737 |         test('should reject unsupported file types', async ({ request }) => {
        at /Users/deepak/Downloads/Projects/StackLens-AI-Deploy/tests/api/comprehensive.test.ts:734:39
]]>
</failure>
</testcase>
<testcase name="API Tests - File Upload &amp; Processing › POST /api/upload › should reject unsupported file types" classname="api/comprehensive.test.ts" time="0.046">
<failure message="comprehensive.test.ts:737:9 should reject unsupported file types" type="FAILURE">
<![CDATA[  [api-tests] › api/comprehensive.test.ts:737:9 › API Tests - File Upload & Processing › POST /api/upload › should reject unsupported file types 

    Error: expect(received).toBe(expected) // Object.is equality

    Expected: 400
    Received: 403

      748 |             });
      749 |
    > 750 |             expect(response.status()).toBe(400);
          |                                       ^
      751 |         });
      752 |     });
      753 |
        at /Users/deepak/Downloads/Projects/StackLens-AI-Deploy/tests/api/comprehensive.test.ts:750:39
]]>
</failure>
</testcase>
<testcase name="API Tests - File Upload &amp; Processing › GET /api/uploads/:fileId › should retrieve upload status" classname="api/comprehensive.test.ts" time="0.044">
<failure message="comprehensive.test.ts:755:9 should retrieve upload status" type="FAILURE">
<![CDATA[  [api-tests] › api/comprehensive.test.ts:755:9 › API Tests - File Upload & Processing › GET /api/uploads/:fileId › should retrieve upload status 

    SyntaxError: Unexpected end of JSON input

      762 |             });
      763 |
    > 764 |             const upload = await uploadResponse.json();
          |                            ^
      765 |
      766 |             // Check status
      767 |             const statusResponse = await request.get(`http://localhost:5000/api/uploads/${upload.fileId}`);
        at /Users/deepak/Downloads/Projects/StackLens-AI-Deploy/tests/api/comprehensive.test.ts:764:28
]]>
</failure>
</testcase>
<testcase name="API Tests - Authentication &amp; Authorization › POST /api/auth/firebase › should authenticate with valid Firebase token" classname="api/comprehensive.test.ts" time="0.043">
<failure message="comprehensive.test.ts:780:9 should authenticate with valid Firebase token" type="FAILURE">
<![CDATA[  [api-tests] › api/comprehensive.test.ts:780:9 › API Tests - Authentication & Authorization › POST /api/auth/firebase › should authenticate with valid Firebase token 

    Error: expect(received).toBeTruthy()

    Received: false

      785 |             });
      786 |
    > 787 |             expect(response.ok()).toBeTruthy();
          |                                   ^
      788 |             const auth = await response.json();
      789 |             expect(auth).toHaveProperty('userId');
      790 |             expect(auth).toHaveProperty('email');
        at /Users/deepak/Downloads/Projects/StackLens-AI-Deploy/tests/api/comprehensive.test.ts:787:35
]]>
</failure>
</testcase>
<testcase name="API Tests - Authentication &amp; Authorization › POST /api/auth/firebase › should reject invalid token" classname="api/comprehensive.test.ts" time="0.045">
<failure message="comprehensive.test.ts:794:9 should reject invalid token" type="FAILURE">
<![CDATA[  [api-tests] › api/comprehensive.test.ts:794:9 › API Tests - Authentication & Authorization › POST /api/auth/firebase › should reject invalid token 

    Error: expect(received).toBe(expected) // Object.is equality

    Expected: 401
    Received: 403

      799 |             });
      800 |
    > 801 |             expect(response.status()).toBe(401);
          |                                       ^
      802 |         });
      803 |     });
      804 |
        at /Users/deepak/Downloads/Projects/StackLens-AI-Deploy/tests/api/comprehensive.test.ts:801:39
]]>
</failure>
</testcase>
<testcase name="API Tests - Authentication &amp; Authorization › POST /api/auth/logout › should logout user" classname="api/comprehensive.test.ts" time="0.044">
<failure message="comprehensive.test.ts:806:9 should logout user" type="FAILURE">
<![CDATA[  [api-tests] › api/comprehensive.test.ts:806:9 › API Tests - Authentication & Authorization › POST /api/auth/logout › should logout user 

    SyntaxError: Unexpected end of JSON input

      810 |             });
      811 |
    > 812 |             const auth = await loginResponse.json();
          |                          ^
      813 |
      814 |             // Logout
      815 |             const logoutResponse = await request.post('http://localhost:5000/api/auth/logout', {
        at /Users/deepak/Downloads/Projects/StackLens-AI-Deploy/tests/api/comprehensive.test.ts:812:26
]]>
</failure>
</testcase>
<testcase name="API Tests - Authentication &amp; Authorization › GET /api/admin/users › should require admin role" classname="api/comprehensive.test.ts" time="0.048">
<failure message="comprehensive.test.ts:826:9 should require admin role" type="FAILURE">
<![CDATA[  [api-tests] › api/comprehensive.test.ts:826:9 › API Tests - Authentication & Authorization › GET /api/admin/users › should require admin role 

    Error: expect(received).toBe(expected) // Object.is equality

    Expected: 401
    Received: 403

      826 |         test('should require admin role', async ({ request }) => {
      827 |             const response = await request.get('http://localhost:5000/api/admin/users');
    > 828 |             expect(response.status()).toBe(401);
          |                                       ^
      829 |         });
      830 |
      831 |         test('should allow access with admin token', async ({ request }) => {
        at /Users/deepak/Downloads/Projects/StackLens-AI-Deploy/tests/api/comprehensive.test.ts:828:39
]]>
</failure>
</testcase>
<testcase name="API Tests - Authentication &amp; Authorization › GET /api/admin/users › should allow access with admin token" classname="api/comprehensive.test.ts" time="0.043">
<failure message="comprehensive.test.ts:831:9 should allow access with admin token" type="FAILURE">
<![CDATA[  [api-tests] › api/comprehensive.test.ts:831:9 › API Tests - Authentication & Authorization › GET /api/admin/users › should allow access with admin token 

    SyntaxError: Unexpected end of JSON input

      835 |             });
      836 |
    > 837 |             const auth = await loginResponse.json();
          |                          ^
      838 |
      839 |             // Access admin endpoint
      840 |             const response = await request.get('http://localhost:5000/api/admin/users', {
        at /Users/deepak/Downloads/Projects/StackLens-AI-Deploy/tests/api/comprehensive.test.ts:837:26
]]>
</failure>
</testcase>
<testcase name="API Tests - Request Validation › should reject requests with invalid Content-Type" classname="api/comprehensive.test.ts" time="0.046">
<failure message="comprehensive.test.ts:852:5 should reject requests with invalid Content-Type" type="FAILURE">
<![CDATA[  [api-tests] › api/comprehensive.test.ts:852:5 › API Tests - Request Validation › should reject requests with invalid Content-Type 

    Error: expect(received).toContain(expected) // indexOf

    Expected value: 403
    Received array: [400, 415]

      858 |         });
      859 |
    > 860 |         expect([400, 415]).toContain(response.status());
          |                            ^
      861 |     });
      862 |
      863 |     test('should validate JSON syntax', async ({ request }) => {
        at /Users/deepak/Downloads/Projects/StackLens-AI-Deploy/tests/api/comprehensive.test.ts:860:28
]]>
</failure>
</testcase>
<testcase name="API Tests - Request Validation › should validate JSON syntax" classname="api/comprehensive.test.ts" time="0.046">
<failure message="comprehensive.test.ts:863:5 should validate JSON syntax" type="FAILURE">
<![CDATA[  [api-tests] › api/comprehensive.test.ts:863:5 › API Tests - Request Validation › should validate JSON syntax 

    Error: expect(received).toBe(expected) // Object.is equality

    Expected: 400
    Received: 403

      869 |         });
      870 |
    > 871 |         expect(response.status()).toBe(400);
          |                                   ^
      872 |     });
      873 |
      874 |     test('should enforce maximum payload size', async ({ request }) => {
        at /Users/deepak/Downloads/Projects/StackLens-AI-Deploy/tests/api/comprehensive.test.ts:871:35
]]>
</failure>
</testcase>
<testcase name="API Tests - Request Validation › should enforce maximum payload size" classname="api/comprehensive.test.ts" time="0.051">
<failure message="comprehensive.test.ts:874:5 should enforce maximum payload size" type="FAILURE">
<![CDATA[  [api-tests] › api/comprehensive.test.ts:874:5 › API Tests - Request Validation › should enforce maximum payload size 

    Error: expect(received).toContain(expected) // indexOf

    Expected value: 403
    Received array: [413, 400]

      883 |         });
      884 |
    > 885 |         expect([413, 400]).toContain(response.status());
          |                            ^
      886 |     });
      887 |
      888 |     test('should validate required headers', async ({ request }) => {
        at /Users/deepak/Downloads/Projects/StackLens-AI-Deploy/tests/api/comprehensive.test.ts:885:28
]]>
</failure>
</testcase>
<testcase name="API Tests - Request Validation › should validate required headers" classname="api/comprehensive.test.ts" time="0.048">
<failure message="comprehensive.test.ts:888:5 should validate required headers" type="FAILURE">
<![CDATA[  [api-tests] › api/comprehensive.test.ts:888:5 › API Tests - Request Validation › should validate required headers 

    Error: expect(received).toContain(expected) // indexOf

    Expected value: 403
    Received array: [200, 400]

      894 |
      895 |         // Should still work or return specific error
    > 896 |         expect([200, 400]).toContain(response.status());
          |                            ^
      897 |     });
      898 |
      899 |     test('should handle missing request body', async ({ request }) => {
        at /Users/deepak/Downloads/Projects/StackLens-AI-Deploy/tests/api/comprehensive.test.ts:896:28
]]>
</failure>
</testcase>
<testcase name="API Tests - Request Validation › should handle missing request body" classname="api/comprehensive.test.ts" time="0.045">
<failure message="comprehensive.test.ts:899:5 should handle missing request body" type="FAILURE">
<![CDATA[  [api-tests] › api/comprehensive.test.ts:899:5 › API Tests - Request Validation › should handle missing request body 

    Error: expect(received).toBe(expected) // Object.is equality

    Expected: 400
    Received: 403

      900 |         const response = await request.post('http://localhost:5000/api/errors');
      901 |
    > 902 |         expect(response.status()).toBe(400);
          |                                   ^
      903 |     });
      904 |
      905 |     test('should validate URL parameter formats', async ({ request }) => {
        at /Users/deepak/Downloads/Projects/StackLens-AI-Deploy/tests/api/comprehensive.test.ts:902:35
]]>
</failure>
</testcase>
<testcase name="API Tests - Request Validation › should validate URL parameter formats" classname="api/comprehensive.test.ts" time="0.044">
<failure message="comprehensive.test.ts:905:5 should validate URL parameter formats" type="FAILURE">
<![CDATA[  [api-tests] › api/comprehensive.test.ts:905:5 › API Tests - Request Validation › should validate URL parameter formats 

    Error: expect(received).toContain(expected) // indexOf

    Expected value: 403
    Received array: [400, 422]

      906 |         const response = await request.get('http://localhost:5000/api/errors?page=invalid');
      907 |
    > 908 |         expect([400, 422]).toContain(response.status());
          |                            ^
      909 |     });
      910 |
      911 |     test('should handle special characters in query params', async ({ request }) => {
        at /Users/deepak/Downloads/Projects/StackLens-AI-Deploy/tests/api/comprehensive.test.ts:908:28
]]>
</failure>
</testcase>
<testcase name="API Tests - Request Validation › should handle special characters in query params" classname="api/comprehensive.test.ts" time="0.05">
<failure message="comprehensive.test.ts:911:5 should handle special characters in query params" type="FAILURE">
<![CDATA[  [api-tests] › api/comprehensive.test.ts:911:5 › API Tests - Request Validation › should handle special characters in query params 

    Error: expect(received).toContain(expected) // indexOf

    Expected value: 403
    Received array: [200, 400]

      915 |         );
      916 |
    > 917 |         expect([200, 400]).toContain(response.status());
          |                            ^
      918 |     });
      919 | });
      920 |
        at /Users/deepak/Downloads/Projects/StackLens-AI-Deploy/tests/api/comprehensive.test.ts:917:28
]]>
</failure>
</testcase>
<testcase name="API Tests - Response Format Validation › should return proper Content-Type headers" classname="api/comprehensive.test.ts" time="0.04">
<failure message="comprehensive.test.ts:922:5 should return proper Content-Type headers" type="FAILURE">
<![CDATA[  [api-tests] › api/comprehensive.test.ts:922:5 › API Tests - Response Format Validation › should return proper Content-Type headers 

    Error: expect(received).toContain(expected) // indexOf

    Matcher error: received value must not be null nor undefined

    Received has value: undefined

      924 |
      925 |         const contentType = response.headers()['content-type'];
    > 926 |         expect(contentType).toContain('application/json');
          |                             ^
      927 |     });
      928 |
      929 |     test('should include CORS headers', async ({ request }) => {
        at /Users/deepak/Downloads/Projects/StackLens-AI-Deploy/tests/api/comprehensive.test.ts:926:29
]]>
</failure>
</testcase>
<testcase name="API Tests - Response Format Validation › should include CORS headers" classname="api/comprehensive.test.ts" time="0.043">
<failure message="comprehensive.test.ts:929:5 should include CORS headers" type="FAILURE">
<![CDATA[  [api-tests] › api/comprehensive.test.ts:929:5 › API Tests - Response Format Validation › should include CORS headers 

    Error: expect(received).toHaveProperty(path)

    Expected path: "access-control-allow-origin"
    Received path: []

    Received value: {"content-length": "0", "server": "AirTunes/870.14.1", "x-apple-processingtime": "0", "x-apple-requestreceivedtimestamp": "418553775"}

      935 |
      936 |         const headers = response.headers();
    > 937 |         expect(headers).toHaveProperty('access-control-allow-origin');
          |                         ^
      938 |     });
      939 |
      940 |     test('should return consistent error response format', async ({ request }) => {
        at /Users/deepak/Downloads/Projects/StackLens-AI-Deploy/tests/api/comprehensive.test.ts:937:25
]]>
</failure>
</testcase>
<testcase name="API Tests - Response Format Validation › should return consistent error response format" classname="api/comprehensive.test.ts" time="0.046">
<failure message="comprehensive.test.ts:940:5 should return consistent error response format" type="FAILURE">
<![CDATA[  [api-tests] › api/comprehensive.test.ts:940:5 › API Tests - Response Format Validation › should return consistent error response format 

    Error: expect(received).toBe(expected) // Object.is equality

    Expected: 404
    Received: 403

      941 |         const response = await request.get('http://localhost:5000/api/errors/999999');
      942 |
    > 943 |         expect(response.status()).toBe(404);
          |                                   ^
      944 |         const error = await response.json();
      945 |
      946 |         expect(error).toHaveProperty('error');
        at /Users/deepak/Downloads/Projects/StackLens-AI-Deploy/tests/api/comprehensive.test.ts:943:35
]]>
</failure>
</testcase>
<testcase name="API Tests - Response Format Validation › should include pagination metadata" classname="api/comprehensive.test.ts" time="0.042">
<failure message="comprehensive.test.ts:950:5 should include pagination metadata" type="FAILURE">
<![CDATA[  [api-tests] › api/comprehensive.test.ts:950:5 › API Tests - Response Format Validation › should include pagination metadata 

    Error: expect(received).toBeTruthy()

    Received: false

      951 |         const response = await request.get('http://localhost:5000/api/errors?page=1&limit=5');
      952 |
    > 953 |         expect(response.ok()).toBeTruthy();
          |                               ^
      954 |         const data = await response.json();
      955 |
      956 |         expect(data).toHaveProperty('page');
        at /Users/deepak/Downloads/Projects/StackLens-AI-Deploy/tests/api/comprehensive.test.ts:953:31
]]>
</failure>
</testcase>
<testcase name="API Tests - Response Format Validation › should return timestamps in ISO format" classname="api/comprehensive.test.ts" time="0.044">
<failure message="comprehensive.test.ts:962:5 should return timestamps in ISO format" type="FAILURE">
<![CDATA[  [api-tests] › api/comprehensive.test.ts:962:5 › API Tests - Response Format Validation › should return timestamps in ISO format 

    Error: expect(received).toBeTruthy()

    Received: false

      963 |         const response = await request.get('http://localhost:5000/api/errors');
      964 |
    > 965 |         expect(response.ok()).toBeTruthy();
          |                               ^
      966 |         const errors = await response.json();
      967 |
      968 |         if (errors.length > 0 && errors[0].timestamp) {
        at /Users/deepak/Downloads/Projects/StackLens-AI-Deploy/tests/api/comprehensive.test.ts:965:31
]]>
</failure>
</testcase>
<testcase name="API Tests - Error Handling › should handle database connection errors gracefully" classname="api/comprehensive.test.ts" time="0.045">
<failure message="comprehensive.test.ts:976:5 should handle database connection errors gracefully" type="FAILURE">
<![CDATA[  [api-tests] › api/comprehensive.test.ts:976:5 › API Tests - Error Handling › should handle database connection errors gracefully 

    Error: expect(received).toContain(expected) // indexOf

    Expected value: 403
    Received array: [200, 500, 503]

      979 |
      980 |         // Should return proper error, not crash
    > 981 |         expect([200, 500, 503]).toContain(response.status());
          |                                 ^
      982 |     });
      983 |
      984 |     test('should return 404 for non-existent routes', async ({ request }) => {
        at /Users/deepak/Downloads/Projects/StackLens-AI-Deploy/tests/api/comprehensive.test.ts:981:33
]]>
</failure>
</testcase>
<testcase name="API Tests - Error Handling › should return 404 for non-existent routes" classname="api/comprehensive.test.ts" time="0.047">
<failure message="comprehensive.test.ts:984:5 should return 404 for non-existent routes" type="FAILURE">
<![CDATA[  [api-tests] › api/comprehensive.test.ts:984:5 › API Tests - Error Handling › should return 404 for non-existent routes 

    Error: expect(received).toBe(expected) // Object.is equality

    Expected: 404
    Received: 403

      985 |         const response = await request.get('http://localhost:5000/api/nonexistent');
      986 |
    > 987 |         expect(response.status()).toBe(404);
          |                                   ^
      988 |     });
      989 |
      990 |     test('should handle malformed route parameters', async ({ request }) => {
        at /Users/deepak/Downloads/Projects/StackLens-AI-Deploy/tests/api/comprehensive.test.ts:987:35
]]>
</failure>
</testcase>
<testcase name="API Tests - Error Handling › should handle malformed route parameters" classname="api/comprehensive.test.ts" time="0.049">
<failure message="comprehensive.test.ts:990:5 should handle malformed route parameters" type="FAILURE">
<![CDATA[  [api-tests] › api/comprehensive.test.ts:990:5 › API Tests - Error Handling › should handle malformed route parameters 

    Error: expect(received).toContain(expected) // indexOf

    Expected value: 403
    Received array: [400, 404]

      991 |         const response = await request.get('http://localhost:5000/api/errors/not-a-number');
      992 |
    > 993 |         expect([400, 404]).toContain(response.status());
          |                            ^
      994 |     });
      995 |
      996 |     test('should provide helpful error messages', async ({ request }) => {
        at /Users/deepak/Downloads/Projects/StackLens-AI-Deploy/tests/api/comprehensive.test.ts:993:28
]]>
</failure>
</testcase>
<testcase name="API Tests - Error Handling › should provide helpful error messages" classname="api/comprehensive.test.ts" time="0.053">
<failure message="comprehensive.test.ts:996:5 should provide helpful error messages" type="FAILURE">
<![CDATA[  [api-tests] › api/comprehensive.test.ts:996:5 › API Tests - Error Handling › should provide helpful error messages 

    Error: expect(received).toBe(expected) // Object.is equality

    Expected: 400
    Received: 403

       999 |         });
      1000 |
    > 1001 |         expect(response.status()).toBe(400);
           |                                   ^
      1002 |         const error = await response.json();
      1003 |
      1004 |         expect(error.message).toBeTruthy();
        at /Users/deepak/Downloads/Projects/StackLens-AI-Deploy/tests/api/comprehensive.test.ts:1001:35
]]>
</failure>
</testcase>
<testcase name="API Tests - Error Handling › should handle concurrent request failures" classname="api/comprehensive.test.ts" time="0.076">
<failure message="comprehensive.test.ts:1008:5 should handle concurrent request failures" type="FAILURE">
<![CDATA[  [api-tests] › api/comprehensive.test.ts:1008:5 › API Tests - Error Handling › should handle concurrent request failures 

    Error: expect(received).toBe(expected) // Object.is equality

    Expected: 404
    Received: 403

      1014 |
      1015 |         responses.forEach(response => {
    > 1016 |             expect(response.status()).toBe(404);
           |                                       ^
      1017 |         });
      1018 |     });
      1019 | });
[...]

    Error: page.goto: Could not connect to the server.
    Call log:
      - navigating to "http://localhost:5173/upload", waiting until "load"


      739 |
      740 |     test('handle file upload errors gracefully', async ({ page }) => {
    > 741 |         await page.goto('http://localhost:5173/upload');
          |                    ^
      742 |
      743 |         // Upload invalid file type
      744 |         const fileInput = page.locator('input[type="file"]');
        at /Users/deepak/Downloads/Projects/StackLens-AI-Deploy/tests/e2e/enhanced.test.ts:741:20

    attachment #1: screenshot (image/png) ──────────────────────────────────────────────────────────
    ../test-results/e2e-enhanced-Enhanced-E2E--e909e-le-upload-errors-gracefully-e2e-webkit/test-failed-1.png
    ────────────────────────────────────────────────────────────────────────────────────────────────

    attachment #2: video (video/webm) ──────────────────────────────────────────────────────────────
    ../test-results/e2e-enhanced-Enhanced-E2E--e909e-le-upload-errors-gracefully-e2e-webkit/video.webm
    ────────────────────────────────────────────────────────────────────────────────────────────────
]]>
</failure>
<system-out>
<![CDATA[
[[ATTACHMENT|e2e-enhanced-Enhanced-E2E--e909e-le-upload-errors-gracefully-e2e-webkit/test-failed-1.png]]

[[ATTACHMENT|e2e-enhanced-Enhanced-E2E--e909e-le-upload-errors-gracefully-e2e-webkit/video.webm]]
]]>
</system-out>
</testcase>
<testcase name="Enhanced E2E Tests - Media and Assets › display error screenshots" classname="e2e/enhanced.test.ts" time="0.546">
<failure message="enhanced.test.ts:756:5 display error screenshots" type="FAILURE">
<![CDATA[  [e2e-webkit] › e2e/enhanced.test.ts:756:5 › Enhanced E2E Tests - Media and Assets › display error screenshots 

    Error: page.goto: Could not connect to the server.
    Call log:
      - navigating to "http://localhost:5173/login", waiting until "load"


      755 | test.describe('Enhanced E2E Tests - Media and Assets', () => {
      756 |     test('display error screenshots', async ({ page }) => {
    > 757 |         await page.goto('http://localhost:5173/login');
          |                    ^
      758 |         await page.click('button:has-text("Sign in with Google")');
      759 |         await page.waitForURL('**/dashboard');
      760 |
        at /Users/deepak/Downloads/Projects/StackLens-AI-Deploy/tests/e2e/enhanced.test.ts:757:20

    attachment #1: screenshot (image/png) ──────────────────────────────────────────────────────────
    ../test-results/e2e-enhanced-Enhanced-E2E--030f1-s-display-error-screenshots-e2e-webkit/test-failed-1.png
    ────────────────────────────────────────────────────────────────────────────────────────────────

    attachment #2: video (video/webm) ──────────────────────────────────────────────────────────────
    ../test-results/e2e-enhanced-Enhanced-E2E--030f1-s-display-error-screenshots-e2e-webkit/video.webm
    ────────────────────────────────────────────────────────────────────────────────────────────────
]]>
</failure>
<system-out>
<![CDATA[
[[ATTACHMENT|e2e-enhanced-Enhanced-E2E--030f1-s-display-error-screenshots-e2e-webkit/test-failed-1.png]]

[[ATTACHMENT|e2e-enhanced-Enhanced-E2E--030f1-s-display-error-screenshots-e2e-webkit/video.webm]]
]]>
</system-out>
</testcase>
<testcase name="Enhanced E2E Tests - Media and Assets › lazy load images in gallery" classname="e2e/enhanced.test.ts" time="0.648">
<failure message="enhanced.test.ts:771:5 lazy load images in gallery" type="FAILURE">
<![CDATA[  [e2e-webkit] › e2e/enhanced.test.ts:771:5 › Enhanced E2E Tests - Media and Assets › lazy load images in gallery 

    Error: page.goto: Could not connect to the server.
    Call log:
      - navigating to "http://localhost:5173/gallery", waiting until "load"


      770 |
      771 |     test('lazy load images in gallery', async ({ page }) => {
    > 772 |         await page.goto('http://localhost:5173/gallery');
          |                    ^
      773 |
      774 |         // Images outside viewport should not be loaded
      775 |         const images = page.locator('img[loading="lazy"]');
        at /Users/deepak/Downloads/Projects/StackLens-AI-Deploy/tests/e2e/enhanced.test.ts:772:20

    attachment #1: screenshot (image/png) ──────────────────────────────────────────────────────────
    ../test-results/e2e-enhanced-Enhanced-E2E--70b29-lazy-load-images-in-gallery-e2e-webkit/test-failed-1.png
    ────────────────────────────────────────────────────────────────────────────────────────────────

    attachment #2: video (video/webm) ──────────────────────────────────────────────────────────────
    ../test-results/e2e-enhanced-Enhanced-E2E--70b29-lazy-load-images-in-gallery-e2e-webkit/video.webm
    ────────────────────────────────────────────────────────────────────────────────────────────────
]]>
</failure>
<system-out>
<![CDATA[
[[ATTACHMENT|e2e-enhanced-Enhanced-E2E--70b29-lazy-load-images-in-gallery-e2e-webkit/test-failed-1.png]]

[[ATTACHMENT|e2e-enhanced-Enhanced-E2E--70b29-lazy-load-images-in-gallery-e2e-webkit/video.webm]]
]]>
</system-out>
</testcase>
<testcase name="Enhanced E2E Tests - Media and Assets › display chart visualizations" classname="e2e/enhanced.test.ts" time="0.489">
<failure message="enhanced.test.ts:790:5 display chart visualizations" type="FAILURE">
<![CDATA[  [e2e-webkit] › e2e/enhanced.test.ts:790:5 › Enhanced E2E Tests - Media and Assets › display chart visualizations 

    Error: page.goto: Could not connect to the server.
    Call log:
      - navigating to "http://localhost:5173/login", waiting until "load"


      789 |
      790 |     test('display chart visualizations', async ({ page }) => {
    > 791 |         await page.goto('http://localhost:5173/login');
          |                    ^
      792 |         await page.click('button:has-text("Sign in with Google")');
      793 |         await page.waitForURL('**/dashboard');
      794 |
        at /Users/deepak/Downloads/Projects/StackLens-AI-Deploy/tests/e2e/enhanced.test.ts:791:20

    attachment #1: screenshot (image/png) ──────────────────────────────────────────────────────────
    ../test-results/e2e-enhanced-Enhanced-E2E--90147-isplay-chart-visualizations-e2e-webkit/test-failed-1.png
    ────────────────────────────────────────────────────────────────────────────────────────────────

    attachment #2: video (video/webm) ──────────────────────────────────────────────────────────────
    ../test-results/e2e-enhanced-Enhanced-E2E--90147-isplay-chart-visualizations-e2e-webkit/video.webm
    ────────────────────────────────────────────────────────────────────────────────────────────────
]]>
</failure>
<system-out>
<![CDATA[
[[ATTACHMENT|e2e-enhanced-Enhanced-E2E--90147-isplay-chart-visualizations-e2e-webkit/test-failed-1.png]]

[[ATTACHMENT|e2e-enhanced-Enhanced-E2E--90147-isplay-chart-visualizations-e2e-webkit/video.webm]]
]]>
</system-out>
</testcase>
<testcase name="Enhanced E2E Tests - Print and Export › print error report" classname="e2e/enhanced.test.ts" time="0.742">
<failure message="enhanced.test.ts:807:5 print error report" type="FAILURE">
<![CDATA[  [e2e-webkit] › e2e/enhanced.test.ts:807:5 › Enhanced E2E Tests - Print and Export › print error report 

    Error: page.goto: Could not connect to the server.
    Call log:
      - navigating to "http://localhost:5173/login", waiting until "load"


      806 | test.describe('Enhanced E2E Tests - Print and Export', () => {
      807 |     test('print error report', async ({ page }) => {
    > 808 |         await page.goto('http://localhost:5173/login');
          |                    ^
      809 |         await page.click('button:has-text("Sign in with Google")');
      810 |         await page.waitForURL('**/dashboard');
      811 |
        at /Users/deepak/Downloads/Projects/StackLens-AI-Deploy/tests/e2e/enhanced.test.ts:808:20

    attachment #1: screenshot (image/png) ──────────────────────────────────────────────────────────
    ../test-results/e2e-enhanced-Enhanced-E2E--65eeb-d-Export-print-error-report-e2e-webkit/test-failed-1.png
    ────────────────────────────────────────────────────────────────────────────────────────────────

    attachment #2: video (video/webm) ──────────────────────────────────────────────────────────────
    ../test-results/e2e-enhanced-Enhanced-E2E--65eeb-d-Export-print-error-report-e2e-webkit/video.webm
    ────────────────────────────────────────────────────────────────────────────────────────────────
]]>
</failure>
<system-out>
<![CDATA[
[[ATTACHMENT|e2e-enhanced-Enhanced-E2E--65eeb-d-Export-print-error-report-e2e-webkit/test-failed-1.png]]

[[ATTACHMENT|e2e-enhanced-Enhanced-E2E--65eeb-d-Export-print-error-report-e2e-webkit/video.webm]]
]]>
</system-out>
</testcase>
<testcase name="Enhanced E2E Tests - Print and Export › generate shareable link" classname="e2e/enhanced.test.ts" time="0.778">
<failure message="enhanced.test.ts:830:5 generate shareable link" type="FAILURE">
<![CDATA[  [e2e-webkit] › e2e/enhanced.test.ts:830:5 › Enhanced E2E Tests - Print and Export › generate shareable link 

    Error: page.goto: Could not connect to the server.
    Call log:
      - navigating to "http://localhost:5173/login", waiting until "load"


      829 |
      830 |     test('generate shareable link', async ({ page }) => {
    > 831 |         await page.goto('http://localhost:5173/login');
          |                    ^
      832 |         await page.click('button:has-text("Sign in with Google")');
      833 |         await page.waitForURL('**/dashboard');
      834 |
        at /Users/deepak/Downloads/Projects/StackLens-AI-Deploy/tests/e2e/enhanced.test.ts:831:20

    attachment #1: screenshot (image/png) ──────────────────────────────────────────────────────────
    ../test-results/e2e-enhanced-Enhanced-E2E--59d31-ort-generate-shareable-link-e2e-webkit/test-failed-1.png
    ────────────────────────────────────────────────────────────────────────────────────────────────

    attachment #2: video (video/webm) ──────────────────────────────────────────────────────────────
    ../test-results/e2e-enhanced-Enhanced-E2E--59d31-ort-generate-shareable-link-e2e-webkit/video.webm
    ────────────────────────────────────────────────────────────────────────────────────────────────
]]>
</failure>
<system-out>
<![CDATA[
[[ATTACHMENT|e2e-enhanced-Enhanced-E2E--59d31-ort-generate-shareable-link-e2e-webkit/test-failed-1.png]]

[[ATTACHMENT|e2e-enhanced-Enhanced-E2E--59d31-ort-generate-shareable-link-e2e-webkit/video.webm]]
]]>
</system-out>
</testcase>
<testcase name="Enhanced E2E Tests - Real-time Features › receive real-time error notifications" classname="e2e/enhanced.test.ts" time="0.845">
<failure message="enhanced.test.ts:852:5 receive real-time error notifications" type="FAILURE">
<![CDATA[  [e2e-webkit] › e2e/enhanced.test.ts:852:5 › Enhanced E2E Tests - Real-time Features › receive real-time error notifications 

    Error: page.goto: Could not connect to the server.
    Call log:
      - navigating to "http://localhost:5173/login", waiting until "load"


      858 |
      859 |         // Admin creates error
    > 860 |         await adminPage.goto('http://localhost:5173/login');
          |                         ^
      861 |         await adminPage.click('button:has-text("Sign in as Admin")');
      862 |         await adminPage.waitForURL('**/dashboard');
      863 |
        at /Users/deepak/Downloads/Projects/StackLens-AI-Deploy/tests/e2e/enhanced.test.ts:860:25

    attachment #1: screenshot (image/png) ──────────────────────────────────────────────────────────
    ../test-results/e2e-enhanced-Enhanced-E2E--29fe6-al-time-error-notifications-e2e-webkit/test-failed-1.png
    ────────────────────────────────────────────────────────────────────────────────────────────────

    attachment #2: screenshot (image/png) ──────────────────────────────────────────────────────────
    ../test-results/e2e-enhanced-Enhanced-E2E--29fe6-al-time-error-notifications-e2e-webkit/test-failed-2.png
    ────────────────────────────────────────────────────────────────────────────────────────────────
]]>
</failure>
<system-out>
<![CDATA[
[[ATTACHMENT|e2e-enhanced-Enhanced-E2E--29fe6-al-time-error-notifications-e2e-webkit/test-failed-1.png]]

[[ATTACHMENT|e2e-enhanced-Enhanced-E2E--29fe6-al-time-error-notifications-e2e-webkit/test-failed-2.png]]
]]>
</system-out>
</testcase>
<testcase name="Enhanced E2E Tests - Real-time Features › sync status updates across sessions" classname="e2e/enhanced.test.ts" time="0.778">
<failure message="enhanced.test.ts:889:5 sync status updates across sessions" type="FAILURE">
<![CDATA[  [e2e-webkit] › e2e/enhanced.test.ts:889:5 › Enhanced E2E Tests - Real-time Features › sync status updates across sessions 

    Error: page.goto: Could not connect to the server.
    Call log:
      - navigating to "http://localhost:5173/login", waiting until "load"


      895 |
      896 |         // Both users view same error
    > 897 |         await page1.goto('http://localhost:5173/login');
          |                     ^
      898 |         await page1.click('button:has-text("Sign in with Google")');
      899 |         await page1.waitForURL('**/dashboard');
      900 |
        at /Users/deepak/Downloads/Projects/StackLens-AI-Deploy/tests/e2e/enhanced.test.ts:897:21

    attachment #1: screenshot (image/png) ──────────────────────────────────────────────────────────
    ../test-results/e2e-enhanced-Enhanced-E2E--c9cf9-tus-updates-across-sessions-e2e-webkit/test-failed-1.png
    ────────────────────────────────────────────────────────────────────────────────────────────────

    attachment #2: screenshot (image/png) ──────────────────────────────────────────────────────────
    ../test-results/e2e-enhanced-Enhanced-E2E--c9cf9-tus-updates-across-sessions-e2e-webkit/test-failed-2.png
    ────────────────────────────────────────────────────────────────────────────────────────────────
]]>
</failure>
<system-out>
<![CDATA[
[[ATTACHMENT|e2e-enhanced-Enhanced-E2E--c9cf9-tus-updates-across-sessions-e2e-webkit/test-failed-1.png]]

[[ATTACHMENT|e2e-enhanced-Enhanced-E2E--c9cf9-tus-updates-across-sessions-e2e-webkit/test-failed-2.png]]
]]>
</system-out>
</testcase>
</testsuite>
<testsuite name="e2e/upload.test.ts" timestamp="2025-10-07T05:06:40.993Z" hostname="e2e-webkit" tests="11" failures="11" skipped="0" time="0.077" errors="0">
<testcase name="File Upload and Analysis › should upload Excel file successfully" classname="e2e/upload.test.ts" time="0.009">
<failure message="upload.test.ts:16:5 should upload Excel file successfully" type="FAILURE">
<![CDATA[  [e2e-webkit] › e2e/upload.test.ts:16:5 › File Upload and Analysis › should upload Excel file successfully 

    Error: Error reading storage state from tests/.auth/user.json:
    ENOENT: no such file or directory, open 'tests/.auth/user.json'
]]>
</failure>
</testcase>
<testcase name="File Upload and Analysis › should upload CSV file successfully" classname="e2e/upload.test.ts" time="0.007">
<failure message="upload.test.ts:27:5 should upload CSV file successfully" type="FAILURE">
<![CDATA[  [e2e-webkit] › e2e/upload.test.ts:27:5 › File Upload and Analysis › should upload CSV file successfully 

    Error: Error reading storage state from tests/.auth/user.json:
    ENOENT: no such file or directory, open 'tests/.auth/user.json'
]]>
</failure>
</testcase>
<testcase name="File Upload and Analysis › should upload log file successfully" classname="e2e/upload.test.ts" time="0.008">
<failure message="upload.test.ts:36:5 should upload log file successfully" type="FAILURE">
<![CDATA[  [e2e-webkit] › e2e/upload.test.ts:36:5 › File Upload and Analysis › should upload log file successfully 

    Error: Error reading storage state from tests/.auth/user.json:
    ENOENT: no such file or directory, open 'tests/.auth/user.json'
]]>
</failure>
</testcase>
<testcase name="File Upload and Analysis › should reject invalid file types" classname="e2e/upload.test.ts" time="0.006">
<failure message="upload.test.ts:44:5 should reject invalid file types" type="FAILURE">
<![CDATA[  [e2e-webkit] › e2e/upload.test.ts:44:5 › File Upload and Analysis › should reject invalid file types 

    Error: Error reading storage state from tests/.auth/user.json:
    ENOENT: no such file or directory, open 'tests/.auth/user.json'
]]>
</failure>
</testcase>
<testcase name="File Upload and Analysis › should reject files larger than limit" classname="e2e/upload.test.ts" time="0.005">
<failure message="upload.test.ts:55:5 should reject files larger than limit" type="FAILURE">
<![CDATA[  [e2e-webkit] › e2e/upload.test.ts:55:5 › File Upload and Analysis › should reject files larger than limit 

    Error: Error reading storage state from tests/.auth/user.json:
    ENOENT: no such file or directory, open 'tests/.auth/user.json'
]]>
</failure>
</testcase>
<testcase name="File Upload and Analysis › should trigger AI analysis after upload" classname="e2e/upload.test.ts" time="0.007">
<failure message="upload.test.ts:66:5 should trigger AI analysis after upload" type="FAILURE">
<![CDATA[  [e2e-webkit] › e2e/upload.test.ts:66:5 › File Upload and Analysis › should trigger AI analysis after upload 

    Error: Error reading storage state from tests/.auth/user.json:
    ENOENT: no such file or directory, open 'tests/.auth/user.json'
]]>
</failure>
</testcase>
<testcase name="File Upload and Analysis › should display error detection results" classname="e2e/upload.test.ts" time="0.009">
<failure message="upload.test.ts:84:5 should display error detection results" type="FAILURE">
<![CDATA[  [e2e-webkit] › e2e/upload.test.ts:84:5 › File Upload and Analysis › should display error detection results 

    Error: Error reading storage state from tests/.auth/user.json:
    ENOENT: no such file or directory, open 'tests/.auth/user.json'
]]>
</failure>
</testcase>
<testcase name="File Upload and Analysis › should display AI suggestions" classname="e2e/upload.test.ts" time="0.009">
<failure message="upload.test.ts:100:5 should display AI suggestions" type="FAILURE">
<![CDATA[  [e2e-webkit] › e2e/upload.test.ts:100:5 › File Upload and Analysis › should display AI suggestions 

    Error: Error reading storage state from tests/.auth/user.json:
    ENOENT: no such file or directory, open 'tests/.auth/user.json'
]]>
</failure>
</testcase>
<testcase name="File Upload and Analysis › should display ML predictions" classname="e2e/upload.test.ts" time="0.006">
<failure message="upload.test.ts:111:5 should display ML predictions" type="FAILURE">
<![CDATA[  [e2e-webkit] › e2e/upload.test.ts:111:5 › File Upload and Analysis › should display ML predictions 

    Error: Error reading storage state from tests/.auth/user.json:
    ENOENT: no such file or directory, open 'tests/.auth/user.json'
]]>
</failure>
</testcase>
<testcase name="File Upload and Analysis › should navigate to error details" classname="e2e/upload.test.ts" time="0.007">
<failure message="upload.test.ts:122:5 should navigate to error details" type="FAILURE">
<![CDATA[  [e2e-webkit] › e2e/upload.test.ts:122:5 › File Upload and Analysis › should navigate to error details 

    Error: Error reading storage state from tests/.auth/user.json:
    ENOENT: no such file or directory, open 'tests/.auth/user.json'
]]>
</failure>
</testcase>
<testcase name="File Upload and Analysis › should handle upload errors gracefully" classname="e2e/upload.test.ts" time="0.004">
<failure message="upload.test.ts:136:5 should handle upload errors gracefully" type="FAILURE">
<![CDATA[  [e2e-webkit] › e2e/upload.test.ts:136:5 › File Upload and Analysis › should handle upload errors gracefully 

    Error: Error reading storage state from tests/.auth/user.json:
    ENOENT: no such file or directory, open 'tests/.auth/user.json'
]]>
</failure>
</testcase>
</testsuite>
</testsuites>